ARM GAS  C:\Users\22482\AppData\Local\Temp\cckVWnkj.s 			page 1


   1              		.cpu cortex-m3
   2              		.arch armv7-m
   3              		.fpu softvfp
   4              		.eabi_attribute 20, 1
   5              		.eabi_attribute 21, 1
   6              		.eabi_attribute 23, 3
   7              		.eabi_attribute 24, 1
   8              		.eabi_attribute 25, 1
   9              		.eabi_attribute 26, 1
  10              		.eabi_attribute 30, 1
  11              		.eabi_attribute 34, 1
  12              		.eabi_attribute 18, 4
  13              		.file	"stm32f1xx_it.c"
  14              		.text
  15              	.Ltext0:
  16              		.cfi_sections	.debug_frame
  17              		.section	.text.NMI_Handler,"ax",%progbits
  18              		.align	1
  19              		.global	NMI_Handler
  20              		.syntax unified
  21              		.thumb
  22              		.thumb_func
  24              	NMI_Handler:
  25              	.LFB65:
  26              		.file 1 "Core/Src/stm32f1xx_it.c"
   1:Core/Src/stm32f1xx_it.c **** /* USER CODE BEGIN Header */
   2:Core/Src/stm32f1xx_it.c **** /**
   3:Core/Src/stm32f1xx_it.c ****   ******************************************************************************
   4:Core/Src/stm32f1xx_it.c ****   * @file    stm32f1xx_it.c
   5:Core/Src/stm32f1xx_it.c ****   * @brief   Interrupt Service Routines.
   6:Core/Src/stm32f1xx_it.c ****   ******************************************************************************
   7:Core/Src/stm32f1xx_it.c ****   * @attention
   8:Core/Src/stm32f1xx_it.c ****   *
   9:Core/Src/stm32f1xx_it.c ****   * Copyright (c) 2022 STMicroelectronics.
  10:Core/Src/stm32f1xx_it.c ****   * All rights reserved.
  11:Core/Src/stm32f1xx_it.c ****   *
  12:Core/Src/stm32f1xx_it.c ****   * This software is licensed under terms that can be found in the LICENSE file
  13:Core/Src/stm32f1xx_it.c ****   * in the root directory of this software component.
  14:Core/Src/stm32f1xx_it.c ****   * If no LICENSE file comes with this software, it is provided AS-IS.
  15:Core/Src/stm32f1xx_it.c ****   *
  16:Core/Src/stm32f1xx_it.c ****   ******************************************************************************
  17:Core/Src/stm32f1xx_it.c ****   */
  18:Core/Src/stm32f1xx_it.c **** /* USER CODE END Header */
  19:Core/Src/stm32f1xx_it.c **** 
  20:Core/Src/stm32f1xx_it.c **** /* Includes ------------------------------------------------------------------*/
  21:Core/Src/stm32f1xx_it.c **** #include "main.h"
  22:Core/Src/stm32f1xx_it.c **** #include "stm32f1xx_it.h"
  23:Core/Src/stm32f1xx_it.c **** /* Private includes ----------------------------------------------------------*/
  24:Core/Src/stm32f1xx_it.c **** /* USER CODE BEGIN Includes */
  25:Core/Src/stm32f1xx_it.c **** /* USER CODE END Includes */
  26:Core/Src/stm32f1xx_it.c **** 
  27:Core/Src/stm32f1xx_it.c **** /* Private typedef -----------------------------------------------------------*/
  28:Core/Src/stm32f1xx_it.c **** /* USER CODE BEGIN TD */
  29:Core/Src/stm32f1xx_it.c **** 
  30:Core/Src/stm32f1xx_it.c **** /* USER CODE END TD */
  31:Core/Src/stm32f1xx_it.c **** 
  32:Core/Src/stm32f1xx_it.c **** /* Private define ------------------------------------------------------------*/
ARM GAS  C:\Users\22482\AppData\Local\Temp\cckVWnkj.s 			page 2


  33:Core/Src/stm32f1xx_it.c **** /* USER CODE BEGIN PD */
  34:Core/Src/stm32f1xx_it.c **** 
  35:Core/Src/stm32f1xx_it.c **** /* USER CODE END PD */
  36:Core/Src/stm32f1xx_it.c **** 
  37:Core/Src/stm32f1xx_it.c **** /* Private macro -------------------------------------------------------------*/
  38:Core/Src/stm32f1xx_it.c **** /* USER CODE BEGIN PM */
  39:Core/Src/stm32f1xx_it.c **** 
  40:Core/Src/stm32f1xx_it.c **** /* USER CODE END PM */
  41:Core/Src/stm32f1xx_it.c **** 
  42:Core/Src/stm32f1xx_it.c **** /* Private variables ---------------------------------------------------------*/
  43:Core/Src/stm32f1xx_it.c **** /* USER CODE BEGIN PV */
  44:Core/Src/stm32f1xx_it.c **** 
  45:Core/Src/stm32f1xx_it.c **** /* USER CODE END PV */
  46:Core/Src/stm32f1xx_it.c **** 
  47:Core/Src/stm32f1xx_it.c **** /* Private function prototypes -----------------------------------------------*/
  48:Core/Src/stm32f1xx_it.c **** /* USER CODE BEGIN PFP */
  49:Core/Src/stm32f1xx_it.c **** 
  50:Core/Src/stm32f1xx_it.c **** /* USER CODE END PFP */
  51:Core/Src/stm32f1xx_it.c **** 
  52:Core/Src/stm32f1xx_it.c **** /* Private user code ---------------------------------------------------------*/
  53:Core/Src/stm32f1xx_it.c **** /* USER CODE BEGIN 0 */
  54:Core/Src/stm32f1xx_it.c **** 
  55:Core/Src/stm32f1xx_it.c **** /* USER CODE END 0 */
  56:Core/Src/stm32f1xx_it.c **** 
  57:Core/Src/stm32f1xx_it.c **** /* External variables --------------------------------------------------------*/
  58:Core/Src/stm32f1xx_it.c **** extern TIM_HandleTypeDef htim1;
  59:Core/Src/stm32f1xx_it.c **** extern DMA_HandleTypeDef hdma_usart2_rx;
  60:Core/Src/stm32f1xx_it.c **** extern DMA_HandleTypeDef hdma_usart3_rx;
  61:Core/Src/stm32f1xx_it.c **** extern UART_HandleTypeDef huart2;
  62:Core/Src/stm32f1xx_it.c **** extern UART_HandleTypeDef huart3;
  63:Core/Src/stm32f1xx_it.c **** /* USER CODE BEGIN EV */
  64:Core/Src/stm32f1xx_it.c **** 
  65:Core/Src/stm32f1xx_it.c **** /* USER CODE END EV */
  66:Core/Src/stm32f1xx_it.c **** 
  67:Core/Src/stm32f1xx_it.c **** /******************************************************************************/
  68:Core/Src/stm32f1xx_it.c **** /*           Cortex-M3 Processor Interruption and Exception Handlers          */
  69:Core/Src/stm32f1xx_it.c **** /******************************************************************************/
  70:Core/Src/stm32f1xx_it.c **** /**
  71:Core/Src/stm32f1xx_it.c ****   * @brief This function handles Non maskable interrupt.
  72:Core/Src/stm32f1xx_it.c ****   */
  73:Core/Src/stm32f1xx_it.c **** void NMI_Handler(void)
  74:Core/Src/stm32f1xx_it.c **** {
  27              		.loc 1 74 1 view -0
  28              		.cfi_startproc
  29              		@ Volatile: function does not return.
  30              		@ args = 0, pretend = 0, frame = 0
  31              		@ frame_needed = 0, uses_anonymous_args = 0
  32              		@ link register save eliminated.
  33              	.L2:
  75:Core/Src/stm32f1xx_it.c ****   /* USER CODE BEGIN NonMaskableInt_IRQn 0 */
  76:Core/Src/stm32f1xx_it.c **** 
  77:Core/Src/stm32f1xx_it.c ****   /* USER CODE END NonMaskableInt_IRQn 0 */
  78:Core/Src/stm32f1xx_it.c ****   /* USER CODE BEGIN NonMaskableInt_IRQn 1 */
  79:Core/Src/stm32f1xx_it.c ****   while (1)
  34              		.loc 1 79 3 discriminator 1 view .LVU1
  80:Core/Src/stm32f1xx_it.c ****   {
  81:Core/Src/stm32f1xx_it.c ****   }
ARM GAS  C:\Users\22482\AppData\Local\Temp\cckVWnkj.s 			page 3


  35              		.loc 1 81 3 discriminator 1 view .LVU2
  79:Core/Src/stm32f1xx_it.c ****   {
  36              		.loc 1 79 9 discriminator 1 view .LVU3
  37 0000 FEE7     		b	.L2
  38              		.cfi_endproc
  39              	.LFE65:
  41              		.section	.text.HardFault_Handler,"ax",%progbits
  42              		.align	1
  43              		.global	HardFault_Handler
  44              		.syntax unified
  45              		.thumb
  46              		.thumb_func
  48              	HardFault_Handler:
  49              	.LFB66:
  82:Core/Src/stm32f1xx_it.c ****   /* USER CODE END NonMaskableInt_IRQn 1 */
  83:Core/Src/stm32f1xx_it.c **** }
  84:Core/Src/stm32f1xx_it.c **** 
  85:Core/Src/stm32f1xx_it.c **** /**
  86:Core/Src/stm32f1xx_it.c ****   * @brief This function handles Hard fault interrupt.
  87:Core/Src/stm32f1xx_it.c ****   */
  88:Core/Src/stm32f1xx_it.c **** void HardFault_Handler(void)
  89:Core/Src/stm32f1xx_it.c **** {
  50              		.loc 1 89 1 view -0
  51              		.cfi_startproc
  52              		@ Volatile: function does not return.
  53              		@ args = 0, pretend = 0, frame = 0
  54              		@ frame_needed = 0, uses_anonymous_args = 0
  55              		@ link register save eliminated.
  56              	.L4:
  90:Core/Src/stm32f1xx_it.c ****   /* USER CODE BEGIN HardFault_IRQn 0 */
  91:Core/Src/stm32f1xx_it.c **** 
  92:Core/Src/stm32f1xx_it.c ****   /* USER CODE END HardFault_IRQn 0 */
  93:Core/Src/stm32f1xx_it.c ****   while (1)
  57              		.loc 1 93 3 discriminator 1 view .LVU5
  94:Core/Src/stm32f1xx_it.c ****   {
  95:Core/Src/stm32f1xx_it.c ****     /* USER CODE BEGIN W1_HardFault_IRQn 0 */
  96:Core/Src/stm32f1xx_it.c ****     /* USER CODE END W1_HardFault_IRQn 0 */
  97:Core/Src/stm32f1xx_it.c ****   }
  58              		.loc 1 97 3 discriminator 1 view .LVU6
  93:Core/Src/stm32f1xx_it.c ****   {
  59              		.loc 1 93 9 discriminator 1 view .LVU7
  60 0000 FEE7     		b	.L4
  61              		.cfi_endproc
  62              	.LFE66:
  64              		.section	.text.MemManage_Handler,"ax",%progbits
  65              		.align	1
  66              		.global	MemManage_Handler
  67              		.syntax unified
  68              		.thumb
  69              		.thumb_func
  71              	MemManage_Handler:
  72              	.LFB67:
  98:Core/Src/stm32f1xx_it.c **** }
  99:Core/Src/stm32f1xx_it.c **** 
 100:Core/Src/stm32f1xx_it.c **** /**
 101:Core/Src/stm32f1xx_it.c ****   * @brief This function handles Memory management fault.
 102:Core/Src/stm32f1xx_it.c ****   */
ARM GAS  C:\Users\22482\AppData\Local\Temp\cckVWnkj.s 			page 4


 103:Core/Src/stm32f1xx_it.c **** void MemManage_Handler(void)
 104:Core/Src/stm32f1xx_it.c **** {
  73              		.loc 1 104 1 view -0
  74              		.cfi_startproc
  75              		@ Volatile: function does not return.
  76              		@ args = 0, pretend = 0, frame = 0
  77              		@ frame_needed = 0, uses_anonymous_args = 0
  78              		@ link register save eliminated.
  79              	.L6:
 105:Core/Src/stm32f1xx_it.c ****   /* USER CODE BEGIN MemoryManagement_IRQn 0 */
 106:Core/Src/stm32f1xx_it.c **** 
 107:Core/Src/stm32f1xx_it.c ****   /* USER CODE END MemoryManagement_IRQn 0 */
 108:Core/Src/stm32f1xx_it.c ****   while (1)
  80              		.loc 1 108 3 discriminator 1 view .LVU9
 109:Core/Src/stm32f1xx_it.c ****   {
 110:Core/Src/stm32f1xx_it.c ****     /* USER CODE BEGIN W1_MemoryManagement_IRQn 0 */
 111:Core/Src/stm32f1xx_it.c ****     /* USER CODE END W1_MemoryManagement_IRQn 0 */
 112:Core/Src/stm32f1xx_it.c ****   }
  81              		.loc 1 112 3 discriminator 1 view .LVU10
 108:Core/Src/stm32f1xx_it.c ****   {
  82              		.loc 1 108 9 discriminator 1 view .LVU11
  83 0000 FEE7     		b	.L6
  84              		.cfi_endproc
  85              	.LFE67:
  87              		.section	.text.BusFault_Handler,"ax",%progbits
  88              		.align	1
  89              		.global	BusFault_Handler
  90              		.syntax unified
  91              		.thumb
  92              		.thumb_func
  94              	BusFault_Handler:
  95              	.LFB68:
 113:Core/Src/stm32f1xx_it.c **** }
 114:Core/Src/stm32f1xx_it.c **** 
 115:Core/Src/stm32f1xx_it.c **** /**
 116:Core/Src/stm32f1xx_it.c ****   * @brief This function handles Prefetch fault, memory access fault.
 117:Core/Src/stm32f1xx_it.c ****   */
 118:Core/Src/stm32f1xx_it.c **** void BusFault_Handler(void)
 119:Core/Src/stm32f1xx_it.c **** {
  96              		.loc 1 119 1 view -0
  97              		.cfi_startproc
  98              		@ Volatile: function does not return.
  99              		@ args = 0, pretend = 0, frame = 0
 100              		@ frame_needed = 0, uses_anonymous_args = 0
 101              		@ link register save eliminated.
 102              	.L8:
 120:Core/Src/stm32f1xx_it.c ****   /* USER CODE BEGIN BusFault_IRQn 0 */
 121:Core/Src/stm32f1xx_it.c **** 
 122:Core/Src/stm32f1xx_it.c ****   /* USER CODE END BusFault_IRQn 0 */
 123:Core/Src/stm32f1xx_it.c ****   while (1)
 103              		.loc 1 123 3 discriminator 1 view .LVU13
 124:Core/Src/stm32f1xx_it.c ****   {
 125:Core/Src/stm32f1xx_it.c ****     /* USER CODE BEGIN W1_BusFault_IRQn 0 */
 126:Core/Src/stm32f1xx_it.c ****     /* USER CODE END W1_BusFault_IRQn 0 */
 127:Core/Src/stm32f1xx_it.c ****   }
 104              		.loc 1 127 3 discriminator 1 view .LVU14
 123:Core/Src/stm32f1xx_it.c ****   {
ARM GAS  C:\Users\22482\AppData\Local\Temp\cckVWnkj.s 			page 5


 105              		.loc 1 123 9 discriminator 1 view .LVU15
 106 0000 FEE7     		b	.L8
 107              		.cfi_endproc
 108              	.LFE68:
 110              		.section	.text.UsageFault_Handler,"ax",%progbits
 111              		.align	1
 112              		.global	UsageFault_Handler
 113              		.syntax unified
 114              		.thumb
 115              		.thumb_func
 117              	UsageFault_Handler:
 118              	.LFB69:
 128:Core/Src/stm32f1xx_it.c **** }
 129:Core/Src/stm32f1xx_it.c **** 
 130:Core/Src/stm32f1xx_it.c **** /**
 131:Core/Src/stm32f1xx_it.c ****   * @brief This function handles Undefined instruction or illegal state.
 132:Core/Src/stm32f1xx_it.c ****   */
 133:Core/Src/stm32f1xx_it.c **** void UsageFault_Handler(void)
 134:Core/Src/stm32f1xx_it.c **** {
 119              		.loc 1 134 1 view -0
 120              		.cfi_startproc
 121              		@ Volatile: function does not return.
 122              		@ args = 0, pretend = 0, frame = 0
 123              		@ frame_needed = 0, uses_anonymous_args = 0
 124              		@ link register save eliminated.
 125              	.L10:
 135:Core/Src/stm32f1xx_it.c ****   /* USER CODE BEGIN UsageFault_IRQn 0 */
 136:Core/Src/stm32f1xx_it.c **** 
 137:Core/Src/stm32f1xx_it.c ****   /* USER CODE END UsageFault_IRQn 0 */
 138:Core/Src/stm32f1xx_it.c ****   while (1)
 126              		.loc 1 138 3 discriminator 1 view .LVU17
 139:Core/Src/stm32f1xx_it.c ****   {
 140:Core/Src/stm32f1xx_it.c ****     /* USER CODE BEGIN W1_UsageFault_IRQn 0 */
 141:Core/Src/stm32f1xx_it.c ****     /* USER CODE END W1_UsageFault_IRQn 0 */
 142:Core/Src/stm32f1xx_it.c ****   }
 127              		.loc 1 142 3 discriminator 1 view .LVU18
 138:Core/Src/stm32f1xx_it.c ****   {
 128              		.loc 1 138 9 discriminator 1 view .LVU19
 129 0000 FEE7     		b	.L10
 130              		.cfi_endproc
 131              	.LFE69:
 133              		.section	.text.SVC_Handler,"ax",%progbits
 134              		.align	1
 135              		.global	SVC_Handler
 136              		.syntax unified
 137              		.thumb
 138              		.thumb_func
 140              	SVC_Handler:
 141              	.LFB70:
 143:Core/Src/stm32f1xx_it.c **** }
 144:Core/Src/stm32f1xx_it.c **** 
 145:Core/Src/stm32f1xx_it.c **** /**
 146:Core/Src/stm32f1xx_it.c ****   * @brief This function handles System service call via SWI instruction.
 147:Core/Src/stm32f1xx_it.c ****   */
 148:Core/Src/stm32f1xx_it.c **** void SVC_Handler(void)
 149:Core/Src/stm32f1xx_it.c **** {
 142              		.loc 1 149 1 view -0
ARM GAS  C:\Users\22482\AppData\Local\Temp\cckVWnkj.s 			page 6


 143              		.cfi_startproc
 144              		@ args = 0, pretend = 0, frame = 0
 145              		@ frame_needed = 0, uses_anonymous_args = 0
 146              		@ link register save eliminated.
 150:Core/Src/stm32f1xx_it.c ****   /* USER CODE BEGIN SVCall_IRQn 0 */
 151:Core/Src/stm32f1xx_it.c **** 
 152:Core/Src/stm32f1xx_it.c ****   /* USER CODE END SVCall_IRQn 0 */
 153:Core/Src/stm32f1xx_it.c ****   /* USER CODE BEGIN SVCall_IRQn 1 */
 154:Core/Src/stm32f1xx_it.c **** 
 155:Core/Src/stm32f1xx_it.c ****   /* USER CODE END SVCall_IRQn 1 */
 156:Core/Src/stm32f1xx_it.c **** }
 147              		.loc 1 156 1 view .LVU21
 148 0000 7047     		bx	lr
 149              		.cfi_endproc
 150              	.LFE70:
 152              		.section	.text.DebugMon_Handler,"ax",%progbits
 153              		.align	1
 154              		.global	DebugMon_Handler
 155              		.syntax unified
 156              		.thumb
 157              		.thumb_func
 159              	DebugMon_Handler:
 160              	.LFB71:
 157:Core/Src/stm32f1xx_it.c **** 
 158:Core/Src/stm32f1xx_it.c **** /**
 159:Core/Src/stm32f1xx_it.c ****   * @brief This function handles Debug monitor.
 160:Core/Src/stm32f1xx_it.c ****   */
 161:Core/Src/stm32f1xx_it.c **** void DebugMon_Handler(void)
 162:Core/Src/stm32f1xx_it.c **** {
 161              		.loc 1 162 1 view -0
 162              		.cfi_startproc
 163              		@ args = 0, pretend = 0, frame = 0
 164              		@ frame_needed = 0, uses_anonymous_args = 0
 165              		@ link register save eliminated.
 163:Core/Src/stm32f1xx_it.c ****   /* USER CODE BEGIN DebugMonitor_IRQn 0 */
 164:Core/Src/stm32f1xx_it.c **** 
 165:Core/Src/stm32f1xx_it.c ****   /* USER CODE END DebugMonitor_IRQn 0 */
 166:Core/Src/stm32f1xx_it.c ****   /* USER CODE BEGIN DebugMonitor_IRQn 1 */
 167:Core/Src/stm32f1xx_it.c **** 
 168:Core/Src/stm32f1xx_it.c ****   /* USER CODE END DebugMonitor_IRQn 1 */
 169:Core/Src/stm32f1xx_it.c **** }
 166              		.loc 1 169 1 view .LVU23
 167 0000 7047     		bx	lr
 168              		.cfi_endproc
 169              	.LFE71:
 171              		.section	.text.PendSV_Handler,"ax",%progbits
 172              		.align	1
 173              		.global	PendSV_Handler
 174              		.syntax unified
 175              		.thumb
 176              		.thumb_func
 178              	PendSV_Handler:
 179              	.LFB72:
 170:Core/Src/stm32f1xx_it.c **** 
 171:Core/Src/stm32f1xx_it.c **** /**
 172:Core/Src/stm32f1xx_it.c ****   * @brief This function handles Pendable request for system service.
 173:Core/Src/stm32f1xx_it.c ****   */
ARM GAS  C:\Users\22482\AppData\Local\Temp\cckVWnkj.s 			page 7


 174:Core/Src/stm32f1xx_it.c **** void PendSV_Handler(void)
 175:Core/Src/stm32f1xx_it.c **** {
 180              		.loc 1 175 1 view -0
 181              		.cfi_startproc
 182              		@ args = 0, pretend = 0, frame = 0
 183              		@ frame_needed = 0, uses_anonymous_args = 0
 184              		@ link register save eliminated.
 176:Core/Src/stm32f1xx_it.c ****   /* USER CODE BEGIN PendSV_IRQn 0 */
 177:Core/Src/stm32f1xx_it.c **** 
 178:Core/Src/stm32f1xx_it.c ****   /* USER CODE END PendSV_IRQn 0 */
 179:Core/Src/stm32f1xx_it.c ****   /* USER CODE BEGIN PendSV_IRQn 1 */
 180:Core/Src/stm32f1xx_it.c **** 
 181:Core/Src/stm32f1xx_it.c ****   /* USER CODE END PendSV_IRQn 1 */
 182:Core/Src/stm32f1xx_it.c **** }
 185              		.loc 1 182 1 view .LVU25
 186 0000 7047     		bx	lr
 187              		.cfi_endproc
 188              	.LFE72:
 190              		.section	.text.SysTick_Handler,"ax",%progbits
 191              		.align	1
 192              		.global	SysTick_Handler
 193              		.syntax unified
 194              		.thumb
 195              		.thumb_func
 197              	SysTick_Handler:
 198              	.LFB73:
 183:Core/Src/stm32f1xx_it.c **** 
 184:Core/Src/stm32f1xx_it.c **** /**
 185:Core/Src/stm32f1xx_it.c ****   * @brief This function handles System tick timer.
 186:Core/Src/stm32f1xx_it.c ****   */
 187:Core/Src/stm32f1xx_it.c **** void SysTick_Handler(void)
 188:Core/Src/stm32f1xx_it.c **** {
 199              		.loc 1 188 1 view -0
 200              		.cfi_startproc
 201              		@ args = 0, pretend = 0, frame = 0
 202              		@ frame_needed = 0, uses_anonymous_args = 0
 203 0000 08B5     		push	{r3, lr}
 204              	.LCFI0:
 205              		.cfi_def_cfa_offset 8
 206              		.cfi_offset 3, -8
 207              		.cfi_offset 14, -4
 189:Core/Src/stm32f1xx_it.c ****   /* USER CODE BEGIN SysTick_IRQn 0 */
 190:Core/Src/stm32f1xx_it.c **** 
 191:Core/Src/stm32f1xx_it.c ****   /* USER CODE END SysTick_IRQn 0 */
 192:Core/Src/stm32f1xx_it.c ****   HAL_IncTick();
 208              		.loc 1 192 3 view .LVU27
 209 0002 FFF7FEFF 		bl	HAL_IncTick
 210              	.LVL0:
 193:Core/Src/stm32f1xx_it.c ****   /* USER CODE BEGIN SysTick_IRQn 1 */
 194:Core/Src/stm32f1xx_it.c **** 
 195:Core/Src/stm32f1xx_it.c ****   /* USER CODE END SysTick_IRQn 1 */
 196:Core/Src/stm32f1xx_it.c **** }
 211              		.loc 1 196 1 is_stmt 0 view .LVU28
 212 0006 08BD     		pop	{r3, pc}
 213              		.cfi_endproc
 214              	.LFE73:
 216              		.section	.text.DMA1_Channel3_IRQHandler,"ax",%progbits
ARM GAS  C:\Users\22482\AppData\Local\Temp\cckVWnkj.s 			page 8


 217              		.align	1
 218              		.global	DMA1_Channel3_IRQHandler
 219              		.syntax unified
 220              		.thumb
 221              		.thumb_func
 223              	DMA1_Channel3_IRQHandler:
 224              	.LFB74:
 197:Core/Src/stm32f1xx_it.c **** 
 198:Core/Src/stm32f1xx_it.c **** /******************************************************************************/
 199:Core/Src/stm32f1xx_it.c **** /* STM32F1xx Peripheral Interrupt Handlers                                    */
 200:Core/Src/stm32f1xx_it.c **** /* Add here the Interrupt Handlers for the used peripherals.                  */
 201:Core/Src/stm32f1xx_it.c **** /* For the available peripheral interrupt handler names,                      */
 202:Core/Src/stm32f1xx_it.c **** /* please refer to the startup file (startup_stm32f1xx.s).                    */
 203:Core/Src/stm32f1xx_it.c **** /******************************************************************************/
 204:Core/Src/stm32f1xx_it.c **** 
 205:Core/Src/stm32f1xx_it.c **** /**
 206:Core/Src/stm32f1xx_it.c ****   * @brief This function handles DMA1 channel3 global interrupt.
 207:Core/Src/stm32f1xx_it.c ****   */
 208:Core/Src/stm32f1xx_it.c **** void DMA1_Channel3_IRQHandler(void)
 209:Core/Src/stm32f1xx_it.c **** {
 225              		.loc 1 209 1 is_stmt 1 view -0
 226              		.cfi_startproc
 227              		@ args = 0, pretend = 0, frame = 0
 228              		@ frame_needed = 0, uses_anonymous_args = 0
 229 0000 08B5     		push	{r3, lr}
 230              	.LCFI1:
 231              		.cfi_def_cfa_offset 8
 232              		.cfi_offset 3, -8
 233              		.cfi_offset 14, -4
 210:Core/Src/stm32f1xx_it.c ****   /* USER CODE BEGIN DMA1_Channel3_IRQn 0 */
 211:Core/Src/stm32f1xx_it.c **** 
 212:Core/Src/stm32f1xx_it.c ****   /* USER CODE END DMA1_Channel3_IRQn 0 */
 213:Core/Src/stm32f1xx_it.c ****   HAL_DMA_IRQHandler(&hdma_usart3_rx);
 234              		.loc 1 213 3 view .LVU30
 235 0002 0248     		ldr	r0, .L18
 236 0004 FFF7FEFF 		bl	HAL_DMA_IRQHandler
 237              	.LVL1:
 214:Core/Src/stm32f1xx_it.c ****   /* USER CODE BEGIN DMA1_Channel3_IRQn 1 */
 215:Core/Src/stm32f1xx_it.c **** 
 216:Core/Src/stm32f1xx_it.c ****   /* USER CODE END DMA1_Channel3_IRQn 1 */
 217:Core/Src/stm32f1xx_it.c **** }
 238              		.loc 1 217 1 is_stmt 0 view .LVU31
 239 0008 08BD     		pop	{r3, pc}
 240              	.L19:
 241 000a 00BF     		.align	2
 242              	.L18:
 243 000c 00000000 		.word	hdma_usart3_rx
 244              		.cfi_endproc
 245              	.LFE74:
 247              		.section	.text.DMA1_Channel6_IRQHandler,"ax",%progbits
 248              		.align	1
 249              		.global	DMA1_Channel6_IRQHandler
 250              		.syntax unified
 251              		.thumb
 252              		.thumb_func
 254              	DMA1_Channel6_IRQHandler:
 255              	.LFB75:
ARM GAS  C:\Users\22482\AppData\Local\Temp\cckVWnkj.s 			page 9


 218:Core/Src/stm32f1xx_it.c **** 
 219:Core/Src/stm32f1xx_it.c **** /**
 220:Core/Src/stm32f1xx_it.c ****   * @brief This function handles DMA1 channel6 global interrupt.
 221:Core/Src/stm32f1xx_it.c ****   */
 222:Core/Src/stm32f1xx_it.c **** void DMA1_Channel6_IRQHandler(void)
 223:Core/Src/stm32f1xx_it.c **** {
 256              		.loc 1 223 1 is_stmt 1 view -0
 257              		.cfi_startproc
 258              		@ args = 0, pretend = 0, frame = 0
 259              		@ frame_needed = 0, uses_anonymous_args = 0
 260 0000 08B5     		push	{r3, lr}
 261              	.LCFI2:
 262              		.cfi_def_cfa_offset 8
 263              		.cfi_offset 3, -8
 264              		.cfi_offset 14, -4
 224:Core/Src/stm32f1xx_it.c ****   /* USER CODE BEGIN DMA1_Channel6_IRQn 0 */
 225:Core/Src/stm32f1xx_it.c **** 
 226:Core/Src/stm32f1xx_it.c ****   /* USER CODE END DMA1_Channel6_IRQn 0 */
 227:Core/Src/stm32f1xx_it.c ****   HAL_DMA_IRQHandler(&hdma_usart2_rx);
 265              		.loc 1 227 3 view .LVU33
 266 0002 0248     		ldr	r0, .L22
 267 0004 FFF7FEFF 		bl	HAL_DMA_IRQHandler
 268              	.LVL2:
 228:Core/Src/stm32f1xx_it.c ****   /* USER CODE BEGIN DMA1_Channel6_IRQn 1 */
 229:Core/Src/stm32f1xx_it.c **** 
 230:Core/Src/stm32f1xx_it.c ****   /* USER CODE END DMA1_Channel6_IRQn 1 */
 231:Core/Src/stm32f1xx_it.c **** }
 269              		.loc 1 231 1 is_stmt 0 view .LVU34
 270 0008 08BD     		pop	{r3, pc}
 271              	.L23:
 272 000a 00BF     		.align	2
 273              	.L22:
 274 000c 00000000 		.word	hdma_usart2_rx
 275              		.cfi_endproc
 276              	.LFE75:
 278              		.section	.text.TIM1_UP_IRQHandler,"ax",%progbits
 279              		.align	1
 280              		.global	TIM1_UP_IRQHandler
 281              		.syntax unified
 282              		.thumb
 283              		.thumb_func
 285              	TIM1_UP_IRQHandler:
 286              	.LFB76:
 232:Core/Src/stm32f1xx_it.c **** 
 233:Core/Src/stm32f1xx_it.c **** /**
 234:Core/Src/stm32f1xx_it.c ****   * @brief This function handles TIM1 update interrupt.
 235:Core/Src/stm32f1xx_it.c ****   */
 236:Core/Src/stm32f1xx_it.c **** void TIM1_UP_IRQHandler(void)
 237:Core/Src/stm32f1xx_it.c **** {
 287              		.loc 1 237 1 is_stmt 1 view -0
 288              		.cfi_startproc
 289              		@ args = 0, pretend = 0, frame = 0
 290              		@ frame_needed = 0, uses_anonymous_args = 0
 291 0000 08B5     		push	{r3, lr}
 292              	.LCFI3:
 293              		.cfi_def_cfa_offset 8
 294              		.cfi_offset 3, -8
ARM GAS  C:\Users\22482\AppData\Local\Temp\cckVWnkj.s 			page 10


 295              		.cfi_offset 14, -4
 238:Core/Src/stm32f1xx_it.c ****   /* USER CODE BEGIN TIM1_UP_IRQn 0 */
 239:Core/Src/stm32f1xx_it.c **** 
 240:Core/Src/stm32f1xx_it.c ****   /* USER CODE END TIM1_UP_IRQn 0 */
 241:Core/Src/stm32f1xx_it.c ****   HAL_TIM_IRQHandler(&htim1);
 296              		.loc 1 241 3 view .LVU36
 297 0002 0248     		ldr	r0, .L26
 298 0004 FFF7FEFF 		bl	HAL_TIM_IRQHandler
 299              	.LVL3:
 242:Core/Src/stm32f1xx_it.c ****   /* USER CODE BEGIN TIM1_UP_IRQn 1 */
 243:Core/Src/stm32f1xx_it.c **** 
 244:Core/Src/stm32f1xx_it.c ****   /* USER CODE END TIM1_UP_IRQn 1 */
 245:Core/Src/stm32f1xx_it.c **** }
 300              		.loc 1 245 1 is_stmt 0 view .LVU37
 301 0008 08BD     		pop	{r3, pc}
 302              	.L27:
 303 000a 00BF     		.align	2
 304              	.L26:
 305 000c 00000000 		.word	htim1
 306              		.cfi_endproc
 307              	.LFE76:
 309              		.section	.text.USART2_IRQHandler,"ax",%progbits
 310              		.align	1
 311              		.global	USART2_IRQHandler
 312              		.syntax unified
 313              		.thumb
 314              		.thumb_func
 316              	USART2_IRQHandler:
 317              	.LFB77:
 246:Core/Src/stm32f1xx_it.c **** 
 247:Core/Src/stm32f1xx_it.c **** /**
 248:Core/Src/stm32f1xx_it.c ****   * @brief This function handles USART2 global interrupt.
 249:Core/Src/stm32f1xx_it.c ****   */
 250:Core/Src/stm32f1xx_it.c **** void USART2_IRQHandler(void)
 251:Core/Src/stm32f1xx_it.c **** {
 318              		.loc 1 251 1 is_stmt 1 view -0
 319              		.cfi_startproc
 320              		@ args = 0, pretend = 0, frame = 0
 321              		@ frame_needed = 0, uses_anonymous_args = 0
 322 0000 08B5     		push	{r3, lr}
 323              	.LCFI4:
 324              		.cfi_def_cfa_offset 8
 325              		.cfi_offset 3, -8
 326              		.cfi_offset 14, -4
 252:Core/Src/stm32f1xx_it.c ****   /* USER CODE BEGIN USART2_IRQn 0 */
 253:Core/Src/stm32f1xx_it.c **** 
 254:Core/Src/stm32f1xx_it.c ****   /* USER CODE END USART2_IRQn 0 */
 255:Core/Src/stm32f1xx_it.c ****   HAL_UART_IRQHandler(&huart2);
 327              		.loc 1 255 3 view .LVU39
 328 0002 0248     		ldr	r0, .L30
 329 0004 FFF7FEFF 		bl	HAL_UART_IRQHandler
 330              	.LVL4:
 256:Core/Src/stm32f1xx_it.c ****   /* USER CODE BEGIN USART2_IRQn 1 */
 257:Core/Src/stm32f1xx_it.c **** 
 258:Core/Src/stm32f1xx_it.c ****   /* USER CODE END USART2_IRQn 1 */
 259:Core/Src/stm32f1xx_it.c **** }
 331              		.loc 1 259 1 is_stmt 0 view .LVU40
ARM GAS  C:\Users\22482\AppData\Local\Temp\cckVWnkj.s 			page 11


 332 0008 08BD     		pop	{r3, pc}
 333              	.L31:
 334 000a 00BF     		.align	2
 335              	.L30:
 336 000c 00000000 		.word	huart2
 337              		.cfi_endproc
 338              	.LFE77:
 340              		.section	.text.USART3_IRQHandler,"ax",%progbits
 341              		.align	1
 342              		.global	USART3_IRQHandler
 343              		.syntax unified
 344              		.thumb
 345              		.thumb_func
 347              	USART3_IRQHandler:
 348              	.LFB78:
 260:Core/Src/stm32f1xx_it.c **** 
 261:Core/Src/stm32f1xx_it.c **** /**
 262:Core/Src/stm32f1xx_it.c ****   * @brief This function handles USART3 global interrupt.
 263:Core/Src/stm32f1xx_it.c ****   */
 264:Core/Src/stm32f1xx_it.c **** void USART3_IRQHandler(void)
 265:Core/Src/stm32f1xx_it.c **** {
 349              		.loc 1 265 1 is_stmt 1 view -0
 350              		.cfi_startproc
 351              		@ args = 0, pretend = 0, frame = 0
 352              		@ frame_needed = 0, uses_anonymous_args = 0
 353 0000 08B5     		push	{r3, lr}
 354              	.LCFI5:
 355              		.cfi_def_cfa_offset 8
 356              		.cfi_offset 3, -8
 357              		.cfi_offset 14, -4
 266:Core/Src/stm32f1xx_it.c ****   /* USER CODE BEGIN USART3_IRQn 0 */
 267:Core/Src/stm32f1xx_it.c **** 
 268:Core/Src/stm32f1xx_it.c ****   /* USER CODE END USART3_IRQn 0 */
 269:Core/Src/stm32f1xx_it.c ****   HAL_UART_IRQHandler(&huart3);
 358              		.loc 1 269 3 view .LVU42
 359 0002 0248     		ldr	r0, .L34
 360 0004 FFF7FEFF 		bl	HAL_UART_IRQHandler
 361              	.LVL5:
 270:Core/Src/stm32f1xx_it.c ****   /* USER CODE BEGIN USART3_IRQn 1 */
 271:Core/Src/stm32f1xx_it.c **** 
 272:Core/Src/stm32f1xx_it.c ****   /* USER CODE END USART3_IRQn 1 */
 273:Core/Src/stm32f1xx_it.c **** }
 362              		.loc 1 273 1 is_stmt 0 view .LVU43
 363 0008 08BD     		pop	{r3, pc}
 364              	.L35:
 365 000a 00BF     		.align	2
 366              	.L34:
 367 000c 00000000 		.word	huart3
 368              		.cfi_endproc
 369              	.LFE78:
 371              		.text
 372              	.Letext0:
 373              		.file 2 "d:\\program files (x86)\\gnu arm embedded toolchain\\10 2021.10\\arm-none-eabi\\include\\
 374              		.file 3 "d:\\program files (x86)\\gnu arm embedded toolchain\\10 2021.10\\arm-none-eabi\\include\\
 375              		.file 4 "Drivers/CMSIS/Device/ST/STM32F1xx/Include/stm32f103xe.h"
 376              		.file 5 "Drivers/STM32F1xx_HAL_Driver/Inc/stm32f1xx_hal_def.h"
 377              		.file 6 "Drivers/STM32F1xx_HAL_Driver/Inc/stm32f1xx_hal_dma.h"
ARM GAS  C:\Users\22482\AppData\Local\Temp\cckVWnkj.s 			page 12


 378              		.file 7 "Drivers/STM32F1xx_HAL_Driver/Inc/stm32f1xx_hal_tim.h"
 379              		.file 8 "Drivers/STM32F1xx_HAL_Driver/Inc/stm32f1xx_hal_uart.h"
 380              		.file 9 "Drivers/STM32F1xx_HAL_Driver/Inc/stm32f1xx_hal.h"
ARM GAS  C:\Users\22482\AppData\Local\Temp\cckVWnkj.s 			page 13


DEFINED SYMBOLS
                            *ABS*:00000000 stm32f1xx_it.c
C:\Users\22482\AppData\Local\Temp\cckVWnkj.s:18     .text.NMI_Handler:00000000 $t
C:\Users\22482\AppData\Local\Temp\cckVWnkj.s:24     .text.NMI_Handler:00000000 NMI_Handler
C:\Users\22482\AppData\Local\Temp\cckVWnkj.s:42     .text.HardFault_Handler:00000000 $t
C:\Users\22482\AppData\Local\Temp\cckVWnkj.s:48     .text.HardFault_Handler:00000000 HardFault_Handler
C:\Users\22482\AppData\Local\Temp\cckVWnkj.s:65     .text.MemManage_Handler:00000000 $t
C:\Users\22482\AppData\Local\Temp\cckVWnkj.s:71     .text.MemManage_Handler:00000000 MemManage_Handler
C:\Users\22482\AppData\Local\Temp\cckVWnkj.s:88     .text.BusFault_Handler:00000000 $t
C:\Users\22482\AppData\Local\Temp\cckVWnkj.s:94     .text.BusFault_Handler:00000000 BusFault_Handler
C:\Users\22482\AppData\Local\Temp\cckVWnkj.s:111    .text.UsageFault_Handler:00000000 $t
C:\Users\22482\AppData\Local\Temp\cckVWnkj.s:117    .text.UsageFault_Handler:00000000 UsageFault_Handler
C:\Users\22482\AppData\Local\Temp\cckVWnkj.s:134    .text.SVC_Handler:00000000 $t
C:\Users\22482\AppData\Local\Temp\cckVWnkj.s:140    .text.SVC_Handler:00000000 SVC_Handler
C:\Users\22482\AppData\Local\Temp\cckVWnkj.s:153    .text.DebugMon_Handler:00000000 $t
C:\Users\22482\AppData\Local\Temp\cckVWnkj.s:159    .text.DebugMon_Handler:00000000 DebugMon_Handler
C:\Users\22482\AppData\Local\Temp\cckVWnkj.s:172    .text.PendSV_Handler:00000000 $t
C:\Users\22482\AppData\Local\Temp\cckVWnkj.s:178    .text.PendSV_Handler:00000000 PendSV_Handler
C:\Users\22482\AppData\Local\Temp\cckVWnkj.s:191    .text.SysTick_Handler:00000000 $t
C:\Users\22482\AppData\Local\Temp\cckVWnkj.s:197    .text.SysTick_Handler:00000000 SysTick_Handler
C:\Users\22482\AppData\Local\Temp\cckVWnkj.s:217    .text.DMA1_Channel3_IRQHandler:00000000 $t
C:\Users\22482\AppData\Local\Temp\cckVWnkj.s:223    .text.DMA1_Channel3_IRQHandler:00000000 DMA1_Channel3_IRQHandler
C:\Users\22482\AppData\Local\Temp\cckVWnkj.s:243    .text.DMA1_Channel3_IRQHandler:0000000c $d
C:\Users\22482\AppData\Local\Temp\cckVWnkj.s:248    .text.DMA1_Channel6_IRQHandler:00000000 $t
C:\Users\22482\AppData\Local\Temp\cckVWnkj.s:254    .text.DMA1_Channel6_IRQHandler:00000000 DMA1_Channel6_IRQHandler
C:\Users\22482\AppData\Local\Temp\cckVWnkj.s:274    .text.DMA1_Channel6_IRQHandler:0000000c $d
C:\Users\22482\AppData\Local\Temp\cckVWnkj.s:279    .text.TIM1_UP_IRQHandler:00000000 $t
C:\Users\22482\AppData\Local\Temp\cckVWnkj.s:285    .text.TIM1_UP_IRQHandler:00000000 TIM1_UP_IRQHandler
C:\Users\22482\AppData\Local\Temp\cckVWnkj.s:305    .text.TIM1_UP_IRQHandler:0000000c $d
C:\Users\22482\AppData\Local\Temp\cckVWnkj.s:310    .text.USART2_IRQHandler:00000000 $t
C:\Users\22482\AppData\Local\Temp\cckVWnkj.s:316    .text.USART2_IRQHandler:00000000 USART2_IRQHandler
C:\Users\22482\AppData\Local\Temp\cckVWnkj.s:336    .text.USART2_IRQHandler:0000000c $d
C:\Users\22482\AppData\Local\Temp\cckVWnkj.s:341    .text.USART3_IRQHandler:00000000 $t
C:\Users\22482\AppData\Local\Temp\cckVWnkj.s:347    .text.USART3_IRQHandler:00000000 USART3_IRQHandler
C:\Users\22482\AppData\Local\Temp\cckVWnkj.s:367    .text.USART3_IRQHandler:0000000c $d

UNDEFINED SYMBOLS
HAL_IncTick
HAL_DMA_IRQHandler
hdma_usart3_rx
hdma_usart2_rx
HAL_TIM_IRQHandler
htim1
HAL_UART_IRQHandler
huart2
huart3
