ARM GAS  /var/folders/l8/2dxms_k929sgkjbr6565hj600000gn/T//ccYnvpfh.s 			page 1


   1              		.cpu cortex-m3
   2              		.arch armv7-m
   3              		.fpu softvfp
   4              		.eabi_attribute 20, 1
   5              		.eabi_attribute 21, 1
   6              		.eabi_attribute 23, 3
   7              		.eabi_attribute 24, 1
   8              		.eabi_attribute 25, 1
   9              		.eabi_attribute 26, 1
  10              		.eabi_attribute 30, 1
  11              		.eabi_attribute 34, 1
  12              		.eabi_attribute 18, 4
  13              		.file	"zigbee_edc24.c"
  14              		.text
  15              	.Ltext0:
  16              		.cfi_sections	.debug_frame
  17              		.section	.text.CalculateChecksum,"ax",%progbits
  18              		.align	1
  19              		.syntax unified
  20              		.thumb
  21              		.thumb_func
  23              	CalculateChecksum:
  24              	.LVL0:
  25              	.LFB67:
  26              		.file 1 "Core/Src/zigbee_edc24.c"
   1:Core/Src/zigbee_edc24.c **** #include "zigbee_edc24.h"
   2:Core/Src/zigbee_edc24.c **** #include "main.h"
   3:Core/Src/zigbee_edc24.c **** 
   4:Core/Src/zigbee_edc24.c **** #define MAX_MSG_LEN 200
   5:Core/Src/zigbee_edc24.c **** #define MAX_INFO_LEN 100
   6:Core/Src/zigbee_edc24.c **** #define MAX_STATUS_LEN 150
   7:Core/Src/zigbee_edc24.c **** 
   8:Core/Src/zigbee_edc24.c **** uint8_t zigbeeMessage[MAX_MSG_LEN];    //原始数据
   9:Core/Src/zigbee_edc24.c **** uint8_t gameInfoMessage[MAX_INFO_LEN]; //游戏信息数据（0x01)
  10:Core/Src/zigbee_edc24.c **** uint8_t gameStatusMessage[MAX_STATUS_LEN]; //游戏状态数据（0x05）
  11:Core/Src/zigbee_edc24.c **** uint8_t zigbeeSend[2][6]={0x55,0xAA,0x00,0x00,0x00,0x00,
  12:Core/Src/zigbee_edc24.c ****                           0x55,0xAA,0x02,0x00,0x00,0x00};        //小车可能发送的信息（0x
  13:Core/Src/zigbee_edc24.c **** 
  14:Core/Src/zigbee_edc24.c **** uint8_t receive_flag=0;
  15:Core/Src/zigbee_edc24.c **** UART_HandleTypeDef* zigbee_huart;
  16:Core/Src/zigbee_edc24.c **** 
  17:Core/Src/zigbee_edc24.c **** void HAL_UART_ErrorCallback(UART_HandleTypeDef *huart)
  18:Core/Src/zigbee_edc24.c **** {
  19:Core/Src/zigbee_edc24.c ****   if (huart == zigbee_huart)
  20:Core/Src/zigbee_edc24.c ****   {
  21:Core/Src/zigbee_edc24.c ****     __HAL_UNLOCK(zigbee_huart);
  22:Core/Src/zigbee_edc24.c ****     receive_flag=0;
  23:Core/Src/zigbee_edc24.c ****     HAL_UARTEx_ReceiveToIdle_DMA(zigbee_huart,zigbeeMessage,MAX_MSG_LEN);
  24:Core/Src/zigbee_edc24.c ****   }
  25:Core/Src/zigbee_edc24.c **** }
  26:Core/Src/zigbee_edc24.c **** 
  27:Core/Src/zigbee_edc24.c **** void HAL_UARTEx_RxEventCallback(UART_HandleTypeDef* huart,uint16_t Size)
  28:Core/Src/zigbee_edc24.c **** {
  29:Core/Src/zigbee_edc24.c ****     if(huart == zigbee_huart)
  30:Core/Src/zigbee_edc24.c ****     {
  31:Core/Src/zigbee_edc24.c ****         receive_flag=1;
  32:Core/Src/zigbee_edc24.c ****     }
ARM GAS  /var/folders/l8/2dxms_k929sgkjbr6565hj600000gn/T//ccYnvpfh.s 			page 2


  33:Core/Src/zigbee_edc24.c **** }
  34:Core/Src/zigbee_edc24.c **** 
  35:Core/Src/zigbee_edc24.c **** static uint8_t CalculateChecksum(const uint8_t data[], int32_t count) 
  36:Core/Src/zigbee_edc24.c **** {
  27              		.loc 1 36 1 view -0
  28              		.cfi_startproc
  29              		@ args = 0, pretend = 0, frame = 0
  30              		@ frame_needed = 0, uses_anonymous_args = 0
  31              		@ link register save eliminated.
  32              		.loc 1 36 1 is_stmt 0 view .LVU1
  33 0000 8446     		mov	ip, r0
  37:Core/Src/zigbee_edc24.c ****   uint8_t checksum = 0;
  34              		.loc 1 37 3 is_stmt 1 view .LVU2
  35              	.LVL1:
  38:Core/Src/zigbee_edc24.c ****   for (int32_t i = 0; i < count; ++i) 
  36              		.loc 1 38 3 view .LVU3
  37              	.LBB2:
  38              		.loc 1 38 8 view .LVU4
  39              		.loc 1 38 16 is_stmt 0 view .LVU5
  40 0002 0023     		movs	r3, #0
  41              	.LBE2:
  37:Core/Src/zigbee_edc24.c ****   uint8_t checksum = 0;
  42              		.loc 1 37 11 view .LVU6
  43 0004 1846     		mov	r0, r3
  44              	.LVL2:
  45              	.LBB3:
  46              		.loc 1 38 3 view .LVU7
  47 0006 03E0     		b	.L2
  48              	.LVL3:
  49              	.L3:
  39:Core/Src/zigbee_edc24.c ****   {
  40:Core/Src/zigbee_edc24.c ****     checksum ^= data[i];
  50              		.loc 1 40 5 is_stmt 1 discriminator 3 view .LVU8
  51              		.loc 1 40 21 is_stmt 0 discriminator 3 view .LVU9
  52 0008 1CF80320 		ldrb	r2, [ip, r3]	@ zero_extendqisi2
  53              		.loc 1 40 14 discriminator 3 view .LVU10
  54 000c 5040     		eors	r0, r0, r2
  55              	.LVL4:
  38:Core/Src/zigbee_edc24.c ****   for (int32_t i = 0; i < count; ++i) 
  56              		.loc 1 38 34 is_stmt 1 discriminator 3 view .LVU11
  57 000e 0133     		adds	r3, r3, #1
  58              	.LVL5:
  59              	.L2:
  38:Core/Src/zigbee_edc24.c ****   for (int32_t i = 0; i < count; ++i) 
  60              		.loc 1 38 23 discriminator 1 view .LVU12
  38:Core/Src/zigbee_edc24.c ****   for (int32_t i = 0; i < count; ++i) 
  61              		.loc 1 38 3 is_stmt 0 discriminator 1 view .LVU13
  62 0010 8B42     		cmp	r3, r1
  63 0012 F9DB     		blt	.L3
  64              	.LBE3:
  41:Core/Src/zigbee_edc24.c ****   }
  42:Core/Src/zigbee_edc24.c ****   return checksum;
  65              		.loc 1 42 3 is_stmt 1 view .LVU14
  43:Core/Src/zigbee_edc24.c **** }
  66              		.loc 1 43 1 is_stmt 0 view .LVU15
  67 0014 7047     		bx	lr
  68              		.cfi_endproc
ARM GAS  /var/folders/l8/2dxms_k929sgkjbr6565hj600000gn/T//ccYnvpfh.s 			page 3


  69              	.LFE67:
  71              		.section	.text.change_float_data,"ax",%progbits
  72              		.align	1
  73              		.syntax unified
  74              		.thumb
  75              		.thumb_func
  77              	change_float_data:
  78              	.LVL6:
  79              	.LFB68:
  44:Core/Src/zigbee_edc24.c **** 
  45:Core/Src/zigbee_edc24.c **** static float change_float_data(uint8_t* dat)
  46:Core/Src/zigbee_edc24.c **** {
  80              		.loc 1 46 1 is_stmt 1 view -0
  81              		.cfi_startproc
  82              		@ args = 0, pretend = 0, frame = 0
  83              		@ frame_needed = 0, uses_anonymous_args = 0
  84              		@ link register save eliminated.
  47:Core/Src/zigbee_edc24.c ****     float float_data;
  85              		.loc 1 47 5 view .LVU17
  48:Core/Src/zigbee_edc24.c ****     float_data=*((float*)dat);
  86              		.loc 1 48 5 view .LVU18
  49:Core/Src/zigbee_edc24.c ****     return float_data;
  87              		.loc 1 49 5 view .LVU19
  50:Core/Src/zigbee_edc24.c **** }
  88              		.loc 1 50 1 is_stmt 0 view .LVU20
  89 0000 0068     		ldr	r0, [r0]	@ float
  90              	.LVL7:
  91              		.loc 1 50 1 view .LVU21
  92 0002 7047     		bx	lr
  93              		.cfi_endproc
  94              	.LFE68:
  96              		.section	.text.HAL_UART_ErrorCallback,"ax",%progbits
  97              		.align	1
  98              		.global	HAL_UART_ErrorCallback
  99              		.syntax unified
 100              		.thumb
 101              		.thumb_func
 103              	HAL_UART_ErrorCallback:
 104              	.LVL8:
 105              	.LFB65:
  18:Core/Src/zigbee_edc24.c ****   if (huart == zigbee_huart)
 106              		.loc 1 18 1 is_stmt 1 view -0
 107              		.cfi_startproc
 108              		@ args = 0, pretend = 0, frame = 0
 109              		@ frame_needed = 0, uses_anonymous_args = 0
  18:Core/Src/zigbee_edc24.c ****   if (huart == zigbee_huart)
 110              		.loc 1 18 1 is_stmt 0 view .LVU23
 111 0000 08B5     		push	{r3, lr}
 112              	.LCFI0:
 113              		.cfi_def_cfa_offset 8
 114              		.cfi_offset 3, -8
 115              		.cfi_offset 14, -4
  19:Core/Src/zigbee_edc24.c ****   {
 116              		.loc 1 19 3 is_stmt 1 view .LVU24
  19:Core/Src/zigbee_edc24.c ****   {
 117              		.loc 1 19 13 is_stmt 0 view .LVU25
 118 0002 084B     		ldr	r3, .L9
ARM GAS  /var/folders/l8/2dxms_k929sgkjbr6565hj600000gn/T//ccYnvpfh.s 			page 4


 119 0004 1B68     		ldr	r3, [r3]
  19:Core/Src/zigbee_edc24.c ****   {
 120              		.loc 1 19 6 view .LVU26
 121 0006 8342     		cmp	r3, r0
 122 0008 00D0     		beq	.L8
 123              	.LVL9:
 124              	.L5:
  25:Core/Src/zigbee_edc24.c **** 
 125              		.loc 1 25 1 view .LVU27
 126 000a 08BD     		pop	{r3, pc}
 127              	.LVL10:
 128              	.L8:
  21:Core/Src/zigbee_edc24.c ****     receive_flag=0;
 129              		.loc 1 21 5 is_stmt 1 view .LVU28
  21:Core/Src/zigbee_edc24.c ****     receive_flag=0;
 130              		.loc 1 21 5 view .LVU29
 131 000c 0022     		movs	r2, #0
 132 000e 83F83C20 		strb	r2, [r3, #60]
  21:Core/Src/zigbee_edc24.c ****     receive_flag=0;
 133              		.loc 1 21 5 view .LVU30
  22:Core/Src/zigbee_edc24.c ****     HAL_UARTEx_ReceiveToIdle_DMA(zigbee_huart,zigbeeMessage,MAX_MSG_LEN);
 134              		.loc 1 22 5 view .LVU31
  22:Core/Src/zigbee_edc24.c ****     HAL_UARTEx_ReceiveToIdle_DMA(zigbee_huart,zigbeeMessage,MAX_MSG_LEN);
 135              		.loc 1 22 17 is_stmt 0 view .LVU32
 136 0012 0549     		ldr	r1, .L9+4
 137 0014 0A70     		strb	r2, [r1]
  23:Core/Src/zigbee_edc24.c ****   }
 138              		.loc 1 23 5 is_stmt 1 view .LVU33
 139 0016 C822     		movs	r2, #200
 140 0018 0449     		ldr	r1, .L9+8
 141 001a 1846     		mov	r0, r3
 142              	.LVL11:
  23:Core/Src/zigbee_edc24.c ****   }
 143              		.loc 1 23 5 is_stmt 0 view .LVU34
 144 001c FFF7FEFF 		bl	HAL_UARTEx_ReceiveToIdle_DMA
 145              	.LVL12:
  25:Core/Src/zigbee_edc24.c **** 
 146              		.loc 1 25 1 view .LVU35
 147 0020 F3E7     		b	.L5
 148              	.L10:
 149 0022 00BF     		.align	2
 150              	.L9:
 151 0024 00000000 		.word	.LANCHOR0
 152 0028 00000000 		.word	.LANCHOR1
 153 002c 00000000 		.word	.LANCHOR2
 154              		.cfi_endproc
 155              	.LFE65:
 157              		.section	.text.HAL_UARTEx_RxEventCallback,"ax",%progbits
 158              		.align	1
 159              		.global	HAL_UARTEx_RxEventCallback
 160              		.syntax unified
 161              		.thumb
 162              		.thumb_func
 164              	HAL_UARTEx_RxEventCallback:
 165              	.LVL13:
 166              	.LFB66:
  28:Core/Src/zigbee_edc24.c ****     if(huart == zigbee_huart)
ARM GAS  /var/folders/l8/2dxms_k929sgkjbr6565hj600000gn/T//ccYnvpfh.s 			page 5


 167              		.loc 1 28 1 is_stmt 1 view -0
 168              		.cfi_startproc
 169              		@ args = 0, pretend = 0, frame = 0
 170              		@ frame_needed = 0, uses_anonymous_args = 0
 171              		@ link register save eliminated.
  29:Core/Src/zigbee_edc24.c ****     {
 172              		.loc 1 29 5 view .LVU37
  29:Core/Src/zigbee_edc24.c ****     {
 173              		.loc 1 29 14 is_stmt 0 view .LVU38
 174 0000 044B     		ldr	r3, .L14
 175 0002 1B68     		ldr	r3, [r3]
  29:Core/Src/zigbee_edc24.c ****     {
 176              		.loc 1 29 7 view .LVU39
 177 0004 8342     		cmp	r3, r0
 178 0006 00D0     		beq	.L13
 179              	.L11:
  33:Core/Src/zigbee_edc24.c **** 
 180              		.loc 1 33 1 view .LVU40
 181 0008 7047     		bx	lr
 182              	.L13:
  31:Core/Src/zigbee_edc24.c ****     }
 183              		.loc 1 31 9 is_stmt 1 view .LVU41
  31:Core/Src/zigbee_edc24.c ****     }
 184              		.loc 1 31 21 is_stmt 0 view .LVU42
 185 000a 034B     		ldr	r3, .L14+4
 186 000c 0122     		movs	r2, #1
 187 000e 1A70     		strb	r2, [r3]
  33:Core/Src/zigbee_edc24.c **** 
 188              		.loc 1 33 1 view .LVU43
 189 0010 FAE7     		b	.L11
 190              	.L15:
 191 0012 00BF     		.align	2
 192              	.L14:
 193 0014 00000000 		.word	.LANCHOR0
 194 0018 00000000 		.word	.LANCHOR1
 195              		.cfi_endproc
 196              	.LFE66:
 198              		.section	.text.zigbee_Init,"ax",%progbits
 199              		.align	1
 200              		.global	zigbee_Init
 201              		.syntax unified
 202              		.thumb
 203              		.thumb_func
 205              	zigbee_Init:
 206              	.LVL14:
 207              	.LFB69:
  51:Core/Src/zigbee_edc24.c **** 
  52:Core/Src/zigbee_edc24.c **** //接口函数
  53:Core/Src/zigbee_edc24.c **** void zigbee_Init(UART_HandleTypeDef *huart)
  54:Core/Src/zigbee_edc24.c **** {
 208              		.loc 1 54 1 is_stmt 1 view -0
 209              		.cfi_startproc
 210              		@ args = 0, pretend = 0, frame = 0
 211              		@ frame_needed = 0, uses_anonymous_args = 0
 212              		.loc 1 54 1 is_stmt 0 view .LVU45
 213 0000 70B5     		push	{r4, r5, r6, lr}
 214              	.LCFI1:
ARM GAS  /var/folders/l8/2dxms_k929sgkjbr6565hj600000gn/T//ccYnvpfh.s 			page 6


 215              		.cfi_def_cfa_offset 16
 216              		.cfi_offset 4, -16
 217              		.cfi_offset 5, -12
 218              		.cfi_offset 6, -8
 219              		.cfi_offset 14, -4
 220 0002 0446     		mov	r4, r0
  55:Core/Src/zigbee_edc24.c ****     memset(zigbeeMessage,0x00,MAX_MSG_LEN);
 221              		.loc 1 55 5 is_stmt 1 view .LVU46
 222 0004 0D4D     		ldr	r5, .L18
 223 0006 C826     		movs	r6, #200
 224 0008 3246     		mov	r2, r6
 225 000a 0021     		movs	r1, #0
 226 000c 2846     		mov	r0, r5
 227              	.LVL15:
 228              		.loc 1 55 5 is_stmt 0 view .LVU47
 229 000e FFF7FEFF 		bl	memset
 230              	.LVL16:
  56:Core/Src/zigbee_edc24.c ****     memset(gameInfoMessage,0x00,MAX_INFO_LEN);
 231              		.loc 1 56 5 is_stmt 1 view .LVU48
 232 0012 6422     		movs	r2, #100
 233 0014 0021     		movs	r1, #0
 234 0016 0A48     		ldr	r0, .L18+4
 235 0018 FFF7FEFF 		bl	memset
 236              	.LVL17:
  57:Core/Src/zigbee_edc24.c ****     memset(gameStatusMessage,0x00,MAX_STATUS_LEN);
 237              		.loc 1 57 5 view .LVU49
 238 001c 9622     		movs	r2, #150
 239 001e 0021     		movs	r1, #0
 240 0020 0848     		ldr	r0, .L18+8
 241 0022 FFF7FEFF 		bl	memset
 242              	.LVL18:
  58:Core/Src/zigbee_edc24.c ****     zigbee_huart = huart;
 243              		.loc 1 58 5 view .LVU50
 244              		.loc 1 58 18 is_stmt 0 view .LVU51
 245 0026 084B     		ldr	r3, .L18+12
 246 0028 1C60     		str	r4, [r3]
  59:Core/Src/zigbee_edc24.c ****     receive_flag=0;
 247              		.loc 1 59 5 is_stmt 1 view .LVU52
 248              		.loc 1 59 17 is_stmt 0 view .LVU53
 249 002a 084B     		ldr	r3, .L18+16
 250 002c 0022     		movs	r2, #0
 251 002e 1A70     		strb	r2, [r3]
  60:Core/Src/zigbee_edc24.c ****     HAL_UARTEx_ReceiveToIdle_DMA(zigbee_huart,zigbeeMessage,MAX_MSG_LEN);
 252              		.loc 1 60 5 is_stmt 1 view .LVU54
 253 0030 3246     		mov	r2, r6
 254 0032 2946     		mov	r1, r5
 255 0034 2046     		mov	r0, r4
 256 0036 FFF7FEFF 		bl	HAL_UARTEx_ReceiveToIdle_DMA
 257              	.LVL19:
  61:Core/Src/zigbee_edc24.c **** }
 258              		.loc 1 61 1 is_stmt 0 view .LVU55
 259 003a 70BD     		pop	{r4, r5, r6, pc}
 260              	.LVL20:
 261              	.L19:
 262              		.loc 1 61 1 view .LVU56
 263              		.align	2
 264              	.L18:
ARM GAS  /var/folders/l8/2dxms_k929sgkjbr6565hj600000gn/T//ccYnvpfh.s 			page 7


 265 003c 00000000 		.word	.LANCHOR2
 266 0040 00000000 		.word	.LANCHOR3
 267 0044 00000000 		.word	.LANCHOR4
 268 0048 00000000 		.word	.LANCHOR0
 269 004c 00000000 		.word	.LANCHOR1
 270              		.cfi_endproc
 271              	.LFE69:
 273              		.section	.text.zigbeeMessageRecord,"ax",%progbits
 274              		.align	1
 275              		.global	zigbeeMessageRecord
 276              		.syntax unified
 277              		.thumb
 278              		.thumb_func
 280              	zigbeeMessageRecord:
 281              	.LFB70:
  62:Core/Src/zigbee_edc24.c **** 
  63:Core/Src/zigbee_edc24.c **** void zigbeeMessageRecord()
  64:Core/Src/zigbee_edc24.c **** {
 282              		.loc 1 64 1 is_stmt 1 view -0
 283              		.cfi_startproc
 284              		@ args = 0, pretend = 0, frame = 0
 285              		@ frame_needed = 0, uses_anonymous_args = 0
 286 0000 2DE9F041 		push	{r4, r5, r6, r7, r8, lr}
 287              	.LCFI2:
 288              		.cfi_def_cfa_offset 24
 289              		.cfi_offset 4, -24
 290              		.cfi_offset 5, -20
 291              		.cfi_offset 6, -16
 292              		.cfi_offset 7, -12
 293              		.cfi_offset 8, -8
 294              		.cfi_offset 14, -4
  65:Core/Src/zigbee_edc24.c ****     uint16_t msgIndex=0;
 295              		.loc 1 65 5 view .LVU58
 296              	.LVL21:
  66:Core/Src/zigbee_edc24.c ****     for(msgIndex=0;msgIndex<MAX_MSG_LEN;msgIndex++)
 297              		.loc 1 66 5 view .LVU59
 298              		.loc 1 66 17 is_stmt 0 view .LVU60
 299 0004 0024     		movs	r4, #0
 300              		.loc 1 66 5 view .LVU61
 301 0006 11E0     		b	.L21
 302              	.LVL22:
 303              	.L31:
 304              	.LBB4:
  67:Core/Src/zigbee_edc24.c ****     {
  68:Core/Src/zigbee_edc24.c ****         if(zigbeeMessage[msgIndex]==0x55&&zigbeeMessage[msgIndex+1]==0xAA)
  69:Core/Src/zigbee_edc24.c ****         {
  70:Core/Src/zigbee_edc24.c ****             int16_t tmpnum;
  71:Core/Src/zigbee_edc24.c ****             tmpnum=*((int16_t*)(&zigbeeMessage[msgIndex+3]));
  72:Core/Src/zigbee_edc24.c ****             if(tmpnum<0||(tmpnum>MAX_INFO_LEN&&tmpnum>MAX_STATUS_LEN)) continue;
  73:Core/Src/zigbee_edc24.c ****             if(msgIndex+tmpnum+6>=MAX_MSG_LEN) break;
  74:Core/Src/zigbee_edc24.c ****             uint8_t tmpchecksum;
  75:Core/Src/zigbee_edc24.c ****             tmpchecksum=CalculateChecksum(&zigbeeMessage[msgIndex+6],tmpnum);
  76:Core/Src/zigbee_edc24.c ****             if(tmpchecksum==zigbeeMessage[msgIndex+5])
  77:Core/Src/zigbee_edc24.c ****             {
  78:Core/Src/zigbee_edc24.c ****                 if(zigbeeMessage[msgIndex+2]==0x01)
  79:Core/Src/zigbee_edc24.c ****                 {
  80:Core/Src/zigbee_edc24.c ****                     memset(gameInfoMessage,0x00,MAX_INFO_LEN);
ARM GAS  /var/folders/l8/2dxms_k929sgkjbr6565hj600000gn/T//ccYnvpfh.s 			page 8


 305              		.loc 1 80 21 is_stmt 1 view .LVU62
 306 0008 6422     		movs	r2, #100
 307 000a 0021     		movs	r1, #0
 308 000c 2C48     		ldr	r0, .L32
 309              	.LVL23:
 310              		.loc 1 80 21 is_stmt 0 view .LVU63
 311 000e FFF7FEFF 		bl	memset
 312              	.LVL24:
  81:Core/Src/zigbee_edc24.c ****                     for(int32_t i=0;i<tmpnum;i++)
 313              		.loc 1 81 21 is_stmt 1 view .LVU64
 314              	.LBB5:
 315              		.loc 1 81 25 view .LVU65
 316              		.loc 1 81 33 is_stmt 0 view .LVU66
 317 0012 0023     		movs	r3, #0
 318              		.loc 1 81 21 view .LVU67
 319 0014 06E0     		b	.L25
 320              	.LVL25:
 321              	.L26:
  82:Core/Src/zigbee_edc24.c ****                     {
  83:Core/Src/zigbee_edc24.c ****                         gameInfoMessage[i]=zigbeeMessage[msgIndex+6+i];
 322              		.loc 1 83 25 is_stmt 1 discriminator 3 view .LVU68
 323              		.loc 1 83 68 is_stmt 0 discriminator 3 view .LVU69
 324 0016 08EB0302 		add	r2, r8, r3
 325              		.loc 1 83 57 discriminator 3 view .LVU70
 326 001a 2A49     		ldr	r1, .L32+4
 327 001c 895C     		ldrb	r1, [r1, r2]	@ zero_extendqisi2
 328              		.loc 1 83 43 discriminator 3 view .LVU71
 329 001e 284A     		ldr	r2, .L32
 330 0020 D154     		strb	r1, [r2, r3]
  81:Core/Src/zigbee_edc24.c ****                     for(int32_t i=0;i<tmpnum;i++)
 331              		.loc 1 81 46 is_stmt 1 discriminator 3 view .LVU72
  81:Core/Src/zigbee_edc24.c ****                     for(int32_t i=0;i<tmpnum;i++)
 332              		.loc 1 81 47 is_stmt 0 discriminator 3 view .LVU73
 333 0022 0133     		adds	r3, r3, #1
 334              	.LVL26:
 335              	.L25:
  81:Core/Src/zigbee_edc24.c ****                     for(int32_t i=0;i<tmpnum;i++)
 336              		.loc 1 81 37 is_stmt 1 discriminator 1 view .LVU74
  81:Core/Src/zigbee_edc24.c ****                     for(int32_t i=0;i<tmpnum;i++)
 337              		.loc 1 81 21 is_stmt 0 discriminator 1 view .LVU75
 338 0024 9E42     		cmp	r6, r3
 339 0026 F6DC     		bgt	.L26
 340              	.LVL27:
 341              	.L22:
  81:Core/Src/zigbee_edc24.c ****                     for(int32_t i=0;i<tmpnum;i++)
 342              		.loc 1 81 21 discriminator 1 view .LVU76
 343              	.LBE5:
 344              	.LBE4:
  66:Core/Src/zigbee_edc24.c ****     {
 345              		.loc 1 66 41 is_stmt 1 discriminator 2 view .LVU77
  66:Core/Src/zigbee_edc24.c ****     {
 346              		.loc 1 66 49 is_stmt 0 discriminator 2 view .LVU78
 347 0028 0134     		adds	r4, r4, #1
 348              	.LVL28:
  66:Core/Src/zigbee_edc24.c ****     {
 349              		.loc 1 66 49 discriminator 2 view .LVU79
 350 002a A4B2     		uxth	r4, r4
ARM GAS  /var/folders/l8/2dxms_k929sgkjbr6565hj600000gn/T//ccYnvpfh.s 			page 9


 351              	.LVL29:
 352              	.L21:
  66:Core/Src/zigbee_edc24.c ****     {
 353              		.loc 1 66 20 is_stmt 1 discriminator 1 view .LVU80
  66:Core/Src/zigbee_edc24.c ****     {
 354              		.loc 1 66 5 is_stmt 0 discriminator 1 view .LVU81
 355 002c C72C     		cmp	r4, #199
 356 002e 34D8     		bhi	.L23
  68:Core/Src/zigbee_edc24.c ****         {
 357              		.loc 1 68 9 is_stmt 1 view .LVU82
  68:Core/Src/zigbee_edc24.c ****         {
 358              		.loc 1 68 25 is_stmt 0 view .LVU83
 359 0030 2546     		mov	r5, r4
 360 0032 244B     		ldr	r3, .L32+4
 361 0034 1B5D     		ldrb	r3, [r3, r4]	@ zero_extendqisi2
  68:Core/Src/zigbee_edc24.c ****         {
 362              		.loc 1 68 11 view .LVU84
 363 0036 552B     		cmp	r3, #85
 364 0038 F6D1     		bne	.L22
  68:Core/Src/zigbee_edc24.c ****         {
 365              		.loc 1 68 65 discriminator 1 view .LVU85
 366 003a 631C     		adds	r3, r4, #1
  68:Core/Src/zigbee_edc24.c ****         {
 367              		.loc 1 68 56 discriminator 1 view .LVU86
 368 003c 214A     		ldr	r2, .L32+4
 369 003e D35C     		ldrb	r3, [r2, r3]	@ zero_extendqisi2
  68:Core/Src/zigbee_edc24.c ****         {
 370              		.loc 1 68 41 discriminator 1 view .LVU87
 371 0040 AA2B     		cmp	r3, #170
 372 0042 F1D1     		bne	.L22
 373              	.LBB7:
  70:Core/Src/zigbee_edc24.c ****             tmpnum=*((int16_t*)(&zigbeeMessage[msgIndex+3]));
 374              		.loc 1 70 13 is_stmt 1 view .LVU88
  71:Core/Src/zigbee_edc24.c ****             if(tmpnum<0||(tmpnum>MAX_INFO_LEN&&tmpnum>MAX_STATUS_LEN)) continue;
 375              		.loc 1 71 13 view .LVU89
  71:Core/Src/zigbee_edc24.c ****             if(tmpnum<0||(tmpnum>MAX_INFO_LEN&&tmpnum>MAX_STATUS_LEN)) continue;
 376              		.loc 1 71 56 is_stmt 0 view .LVU90
 377 0044 E31C     		adds	r3, r4, #3
  71:Core/Src/zigbee_edc24.c ****             if(tmpnum<0||(tmpnum>MAX_INFO_LEN&&tmpnum>MAX_STATUS_LEN)) continue;
 378              		.loc 1 71 19 view .LVU91
 379 0046 D65E     		ldrsh	r6, [r2, r3]
 380              	.LVL30:
  72:Core/Src/zigbee_edc24.c ****             if(msgIndex+tmpnum+6>=MAX_MSG_LEN) break;
 381              		.loc 1 72 13 is_stmt 1 view .LVU92
  72:Core/Src/zigbee_edc24.c ****             if(msgIndex+tmpnum+6>=MAX_MSG_LEN) break;
 382              		.loc 1 72 24 is_stmt 0 view .LVU93
 383 0048 B3B2     		uxth	r3, r6
  72:Core/Src/zigbee_edc24.c ****             if(msgIndex+tmpnum+6>=MAX_MSG_LEN) break;
 384              		.loc 1 72 15 view .LVU94
 385 004a 962B     		cmp	r3, #150
 386 004c ECD8     		bhi	.L22
  73:Core/Src/zigbee_edc24.c ****             uint8_t tmpchecksum;
 387              		.loc 1 73 13 is_stmt 1 view .LVU95
  73:Core/Src/zigbee_edc24.c ****             uint8_t tmpchecksum;
 388              		.loc 1 73 24 is_stmt 0 view .LVU96
 389 004e A319     		adds	r3, r4, r6
  73:Core/Src/zigbee_edc24.c ****             uint8_t tmpchecksum;
ARM GAS  /var/folders/l8/2dxms_k929sgkjbr6565hj600000gn/T//ccYnvpfh.s 			page 10


 390              		.loc 1 73 15 view .LVU97
 391 0050 C12B     		cmp	r3, #193
 392 0052 22DC     		bgt	.L23
  74:Core/Src/zigbee_edc24.c ****             tmpchecksum=CalculateChecksum(&zigbeeMessage[msgIndex+6],tmpnum);
 393              		.loc 1 74 13 is_stmt 1 view .LVU98
  75:Core/Src/zigbee_edc24.c ****             if(tmpchecksum==zigbeeMessage[msgIndex+5])
 394              		.loc 1 75 13 view .LVU99
  75:Core/Src/zigbee_edc24.c ****             if(tmpchecksum==zigbeeMessage[msgIndex+5])
 395              		.loc 1 75 66 is_stmt 0 view .LVU100
 396 0054 04F10608 		add	r8, r4, #6
  75:Core/Src/zigbee_edc24.c ****             if(tmpchecksum==zigbeeMessage[msgIndex+5])
 397              		.loc 1 75 43 view .LVU101
 398 0058 1746     		mov	r7, r2
  75:Core/Src/zigbee_edc24.c ****             if(tmpchecksum==zigbeeMessage[msgIndex+5])
 399              		.loc 1 75 25 view .LVU102
 400 005a 3146     		mov	r1, r6
 401 005c 02EB0800 		add	r0, r2, r8
 402 0060 FFF7FEFF 		bl	CalculateChecksum
 403              	.LVL31:
  76:Core/Src/zigbee_edc24.c ****             {
 404              		.loc 1 76 13 is_stmt 1 view .LVU103
  76:Core/Src/zigbee_edc24.c ****             {
 405              		.loc 1 76 51 is_stmt 0 view .LVU104
 406 0064 631D     		adds	r3, r4, #5
  76:Core/Src/zigbee_edc24.c ****             {
 407              		.loc 1 76 42 view .LVU105
 408 0066 FB5C     		ldrb	r3, [r7, r3]	@ zero_extendqisi2
  76:Core/Src/zigbee_edc24.c ****             {
 409              		.loc 1 76 15 view .LVU106
 410 0068 8342     		cmp	r3, r0
 411 006a DDD1     		bne	.L22
  78:Core/Src/zigbee_edc24.c ****                 {
 412              		.loc 1 78 17 is_stmt 1 view .LVU107
  78:Core/Src/zigbee_edc24.c ****                 {
 413              		.loc 1 78 42 is_stmt 0 view .LVU108
 414 006c 0235     		adds	r5, r5, #2
  78:Core/Src/zigbee_edc24.c ****                 {
 415              		.loc 1 78 33 view .LVU109
 416 006e 7B5D     		ldrb	r3, [r7, r5]	@ zero_extendqisi2
  78:Core/Src/zigbee_edc24.c ****                 {
 417              		.loc 1 78 19 view .LVU110
 418 0070 012B     		cmp	r3, #1
 419 0072 C9D0     		beq	.L31
  84:Core/Src/zigbee_edc24.c ****                     }
  85:Core/Src/zigbee_edc24.c ****                     continue;
  86:Core/Src/zigbee_edc24.c ****                 }
  87:Core/Src/zigbee_edc24.c ****                 else if(zigbeeMessage[msgIndex+2]==0x05)
 420              		.loc 1 87 22 is_stmt 1 view .LVU111
 421              		.loc 1 87 24 is_stmt 0 view .LVU112
 422 0074 052B     		cmp	r3, #5
 423 0076 D7D1     		bne	.L22
  88:Core/Src/zigbee_edc24.c ****                 {
  89:Core/Src/zigbee_edc24.c ****                     memset(gameStatusMessage,0x00,MAX_STATUS_LEN);
 424              		.loc 1 89 21 is_stmt 1 view .LVU113
 425 0078 9622     		movs	r2, #150
 426 007a 0021     		movs	r1, #0
 427 007c 1248     		ldr	r0, .L32+8
ARM GAS  /var/folders/l8/2dxms_k929sgkjbr6565hj600000gn/T//ccYnvpfh.s 			page 11


 428              	.LVL32:
 429              		.loc 1 89 21 is_stmt 0 view .LVU114
 430 007e FFF7FEFF 		bl	memset
 431              	.LVL33:
  90:Core/Src/zigbee_edc24.c ****                     for(int32_t i=0;i<tmpnum;i++)
 432              		.loc 1 90 21 is_stmt 1 view .LVU115
 433              	.LBB6:
 434              		.loc 1 90 25 view .LVU116
 435              		.loc 1 90 33 is_stmt 0 view .LVU117
 436 0082 0023     		movs	r3, #0
 437              		.loc 1 90 21 view .LVU118
 438 0084 06E0     		b	.L27
 439              	.LVL34:
 440              	.L28:
  91:Core/Src/zigbee_edc24.c ****                     {
  92:Core/Src/zigbee_edc24.c ****                         gameStatusMessage[i]=zigbeeMessage[msgIndex+6+i];
 441              		.loc 1 92 25 is_stmt 1 discriminator 3 view .LVU119
 442              		.loc 1 92 70 is_stmt 0 discriminator 3 view .LVU120
 443 0086 08EB0302 		add	r2, r8, r3
 444              		.loc 1 92 59 discriminator 3 view .LVU121
 445 008a 0E49     		ldr	r1, .L32+4
 446 008c 895C     		ldrb	r1, [r1, r2]	@ zero_extendqisi2
 447              		.loc 1 92 45 discriminator 3 view .LVU122
 448 008e 0E4A     		ldr	r2, .L32+8
 449 0090 D154     		strb	r1, [r2, r3]
  90:Core/Src/zigbee_edc24.c ****                     for(int32_t i=0;i<tmpnum;i++)
 450              		.loc 1 90 46 is_stmt 1 discriminator 3 view .LVU123
  90:Core/Src/zigbee_edc24.c ****                     for(int32_t i=0;i<tmpnum;i++)
 451              		.loc 1 90 47 is_stmt 0 discriminator 3 view .LVU124
 452 0092 0133     		adds	r3, r3, #1
 453              	.LVL35:
 454              	.L27:
  90:Core/Src/zigbee_edc24.c ****                     for(int32_t i=0;i<tmpnum;i++)
 455              		.loc 1 90 37 is_stmt 1 discriminator 1 view .LVU125
  90:Core/Src/zigbee_edc24.c ****                     for(int32_t i=0;i<tmpnum;i++)
 456              		.loc 1 90 21 is_stmt 0 discriminator 1 view .LVU126
 457 0094 9E42     		cmp	r6, r3
 458 0096 F6DC     		bgt	.L28
 459 0098 C6E7     		b	.L22
 460              	.LVL36:
 461              	.L23:
  90:Core/Src/zigbee_edc24.c ****                     for(int32_t i=0;i<tmpnum;i++)
 462              		.loc 1 90 21 discriminator 1 view .LVU127
 463              	.LBE6:
 464              	.LBE7:
  93:Core/Src/zigbee_edc24.c ****                     }
  94:Core/Src/zigbee_edc24.c ****                     continue;
  95:Core/Src/zigbee_edc24.c ****                 }
  96:Core/Src/zigbee_edc24.c ****             }
  97:Core/Src/zigbee_edc24.c ****         }
  98:Core/Src/zigbee_edc24.c ****     }
  99:Core/Src/zigbee_edc24.c ****     memset(zigbeeMessage,0x00,MAX_MSG_LEN);
 465              		.loc 1 99 5 is_stmt 1 view .LVU128
 466 009a 0A4C     		ldr	r4, .L32+4
 467              	.LVL37:
 468              		.loc 1 99 5 is_stmt 0 view .LVU129
 469 009c C825     		movs	r5, #200
ARM GAS  /var/folders/l8/2dxms_k929sgkjbr6565hj600000gn/T//ccYnvpfh.s 			page 12


 470 009e 2A46     		mov	r2, r5
 471 00a0 0021     		movs	r1, #0
 472 00a2 2046     		mov	r0, r4
 473 00a4 FFF7FEFF 		bl	memset
 474              	.LVL38:
 100:Core/Src/zigbee_edc24.c ****     receive_flag=0;
 475              		.loc 1 100 5 is_stmt 1 view .LVU130
 476              		.loc 1 100 17 is_stmt 0 view .LVU131
 477 00a8 084B     		ldr	r3, .L32+12
 478 00aa 0022     		movs	r2, #0
 479 00ac 1A70     		strb	r2, [r3]
 101:Core/Src/zigbee_edc24.c ****     HAL_UARTEx_ReceiveToIdle_DMA(zigbee_huart,zigbeeMessage,MAX_MSG_LEN);
 480              		.loc 1 101 5 is_stmt 1 view .LVU132
 481 00ae 2A46     		mov	r2, r5
 482 00b0 2146     		mov	r1, r4
 483 00b2 074B     		ldr	r3, .L32+16
 484 00b4 1868     		ldr	r0, [r3]
 485 00b6 FFF7FEFF 		bl	HAL_UARTEx_ReceiveToIdle_DMA
 486              	.LVL39:
 102:Core/Src/zigbee_edc24.c **** }
 487              		.loc 1 102 1 is_stmt 0 view .LVU133
 488 00ba BDE8F081 		pop	{r4, r5, r6, r7, r8, pc}
 489              	.L33:
 490 00be 00BF     		.align	2
 491              	.L32:
 492 00c0 00000000 		.word	.LANCHOR3
 493 00c4 00000000 		.word	.LANCHOR2
 494 00c8 00000000 		.word	.LANCHOR4
 495 00cc 00000000 		.word	.LANCHOR1
 496 00d0 00000000 		.word	.LANCHOR0
 497              		.cfi_endproc
 498              	.LFE70:
 500              		.section	.text.getGameTime,"ax",%progbits
 501              		.align	1
 502              		.global	getGameTime
 503              		.syntax unified
 504              		.thumb
 505              		.thumb_func
 507              	getGameTime:
 508              	.LFB71:
 103:Core/Src/zigbee_edc24.c **** 
 104:Core/Src/zigbee_edc24.c **** int32_t getGameTime()
 105:Core/Src/zigbee_edc24.c **** {
 509              		.loc 1 105 1 is_stmt 1 view -0
 510              		.cfi_startproc
 511              		@ args = 0, pretend = 0, frame = 0
 512              		@ frame_needed = 0, uses_anonymous_args = 0
 513              		@ link register save eliminated.
 106:Core/Src/zigbee_edc24.c ****     int32_t time;
 514              		.loc 1 106 5 view .LVU135
 107:Core/Src/zigbee_edc24.c ****     time=*((int32_t*)(&gameStatusMessage[1]));
 515              		.loc 1 107 5 view .LVU136
 516              	.LVL40:
 108:Core/Src/zigbee_edc24.c ****     return time;
 517              		.loc 1 108 5 view .LVU137
 109:Core/Src/zigbee_edc24.c **** }
 518              		.loc 1 109 1 is_stmt 0 view .LVU138
ARM GAS  /var/folders/l8/2dxms_k929sgkjbr6565hj600000gn/T//ccYnvpfh.s 			page 13


 519 0000 014B     		ldr	r3, .L35
 520 0002 D3F80100 		ldr	r0, [r3, #1]	@ unaligned
 521 0006 7047     		bx	lr
 522              	.L36:
 523              		.align	2
 524              	.L35:
 525 0008 00000000 		.word	.LANCHOR4
 526              		.cfi_endproc
 527              	.LFE71:
 529              		.section	.text.getGameStatus,"ax",%progbits
 530              		.align	1
 531              		.global	getGameStatus
 532              		.syntax unified
 533              		.thumb
 534              		.thumb_func
 536              	getGameStatus:
 537              	.LFB72:
 110:Core/Src/zigbee_edc24.c **** 
 111:Core/Src/zigbee_edc24.c **** GameStatus_edc24 getGameStatus()
 112:Core/Src/zigbee_edc24.c **** {
 538              		.loc 1 112 1 is_stmt 1 view -0
 539              		.cfi_startproc
 540              		@ args = 0, pretend = 0, frame = 0
 541              		@ frame_needed = 0, uses_anonymous_args = 0
 542              		@ link register save eliminated.
 113:Core/Src/zigbee_edc24.c ****     uint8_t status;
 543              		.loc 1 113 5 view .LVU140
 114:Core/Src/zigbee_edc24.c ****     status=gameStatusMessage[0];
 544              		.loc 1 114 5 view .LVU141
 545              		.loc 1 114 11 is_stmt 0 view .LVU142
 546 0000 024B     		ldr	r3, .L40
 547 0002 1878     		ldrb	r0, [r3]	@ zero_extendqisi2
 548              	.LVL41:
 115:Core/Src/zigbee_edc24.c ****     if(status==0x00)
 549              		.loc 1 115 5 is_stmt 1 view .LVU143
 550              		.loc 1 115 7 is_stmt 0 view .LVU144
 551 0004 00B1     		cbz	r0, .L38
 116:Core/Src/zigbee_edc24.c ****     {
 117:Core/Src/zigbee_edc24.c ****         return GameStandby;
 118:Core/Src/zigbee_edc24.c ****     }
 119:Core/Src/zigbee_edc24.c ****     else
 120:Core/Src/zigbee_edc24.c ****     {
 121:Core/Src/zigbee_edc24.c ****         return GameGoing;
 552              		.loc 1 121 16 view .LVU145
 553 0006 0120     		movs	r0, #1
 554              	.LVL42:
 555              	.L38:
 122:Core/Src/zigbee_edc24.c ****     }
 123:Core/Src/zigbee_edc24.c **** }
 556              		.loc 1 123 1 view .LVU146
 557 0008 7047     		bx	lr
 558              	.L41:
 559 000a 00BF     		.align	2
 560              	.L40:
 561 000c 00000000 		.word	.LANCHOR4
 562              		.cfi_endproc
 563              	.LFE72:
ARM GAS  /var/folders/l8/2dxms_k929sgkjbr6565hj600000gn/T//ccYnvpfh.s 			page 14


 565              		.section	.text.getScore,"ax",%progbits
 566              		.align	1
 567              		.global	getScore
 568              		.syntax unified
 569              		.thumb
 570              		.thumb_func
 572              	getScore:
 573              	.LFB73:
 124:Core/Src/zigbee_edc24.c **** 
 125:Core/Src/zigbee_edc24.c **** float getScore()
 126:Core/Src/zigbee_edc24.c **** {
 574              		.loc 1 126 1 is_stmt 1 view -0
 575              		.cfi_startproc
 576              		@ args = 0, pretend = 0, frame = 0
 577              		@ frame_needed = 0, uses_anonymous_args = 0
 578 0000 08B5     		push	{r3, lr}
 579              	.LCFI3:
 580              		.cfi_def_cfa_offset 8
 581              		.cfi_offset 3, -8
 582              		.cfi_offset 14, -4
 127:Core/Src/zigbee_edc24.c ****     return change_float_data(&gameStatusMessage[5]);
 583              		.loc 1 127 5 view .LVU148
 584              		.loc 1 127 12 is_stmt 0 view .LVU149
 585 0002 0248     		ldr	r0, .L44
 586 0004 FFF7FEFF 		bl	change_float_data
 587              	.LVL43:
 128:Core/Src/zigbee_edc24.c **** }
 588              		.loc 1 128 1 view .LVU150
 589 0008 08BD     		pop	{r3, pc}
 590              	.L45:
 591 000a 00BF     		.align	2
 592              	.L44:
 593 000c 05000000 		.word	.LANCHOR4+5
 594              		.cfi_endproc
 595              	.LFE73:
 597              		.section	.text.getVehiclePos,"ax",%progbits
 598              		.align	1
 599              		.global	getVehiclePos
 600              		.syntax unified
 601              		.thumb
 602              		.thumb_func
 604              	getVehiclePos:
 605              	.LFB74:
 129:Core/Src/zigbee_edc24.c **** 
 130:Core/Src/zigbee_edc24.c **** Position_edc24 getVehiclePos()
 131:Core/Src/zigbee_edc24.c **** {
 606              		.loc 1 131 1 is_stmt 1 view -0
 607              		.cfi_startproc
 608              		@ args = 0, pretend = 0, frame = 8
 609              		@ frame_needed = 0, uses_anonymous_args = 0
 610              		@ link register save eliminated.
 611 0000 82B0     		sub	sp, sp, #8
 612              	.LCFI4:
 613              		.cfi_def_cfa_offset 8
 132:Core/Src/zigbee_edc24.c ****     Position_edc24 pos;
 614              		.loc 1 132 5 view .LVU152
 133:Core/Src/zigbee_edc24.c ****     pos.x=*((int16_t*)(&gameStatusMessage[9]));
ARM GAS  /var/folders/l8/2dxms_k929sgkjbr6565hj600000gn/T//ccYnvpfh.s 			page 15


 615              		.loc 1 133 5 view .LVU153
 616              		.loc 1 133 11 is_stmt 0 view .LVU154
 617 0002 0B4B     		ldr	r3, .L48
 618 0004 B3F90920 		ldrsh	r2, [r3, #9]	@ unaligned
 619              		.loc 1 133 10 view .LVU155
 620 0008 ADF80020 		strh	r2, [sp]	@ movhi
 134:Core/Src/zigbee_edc24.c ****     pos.y=*((int16_t*)(&gameStatusMessage[11]));
 621              		.loc 1 134 5 is_stmt 1 view .LVU156
 622              		.loc 1 134 11 is_stmt 0 view .LVU157
 623 000c B3F90B30 		ldrsh	r3, [r3, #11]	@ unaligned
 624              		.loc 1 134 10 view .LVU158
 625 0010 ADF80230 		strh	r3, [sp, #2]	@ movhi
 135:Core/Src/zigbee_edc24.c ****     return pos;
 626              		.loc 1 135 5 is_stmt 1 view .LVU159
 627              		.loc 1 135 12 is_stmt 0 view .LVU160
 628 0014 009B     		ldr	r3, [sp]
 629 0016 0193     		str	r3, [sp, #4]
 630 0018 0020     		movs	r0, #0
 631 001a BDF80430 		ldrh	r3, [sp, #4]
 632 001e 63F30F00 		bfi	r0, r3, #0, #16
 633 0022 BDF80630 		ldrh	r3, [sp, #6]
 634 0026 63F31F40 		bfi	r0, r3, #16, #16
 136:Core/Src/zigbee_edc24.c **** }
 635              		.loc 1 136 1 view .LVU161
 636 002a 02B0     		add	sp, sp, #8
 637              	.LCFI5:
 638              		.cfi_def_cfa_offset 0
 639              		@ sp needed
 640 002c 7047     		bx	lr
 641              	.L49:
 642 002e 00BF     		.align	2
 643              	.L48:
 644 0030 00000000 		.word	.LANCHOR4
 645              		.cfi_endproc
 646              	.LFE74:
 648              		.section	.text.getRemainDist,"ax",%progbits
 649              		.align	1
 650              		.global	getRemainDist
 651              		.syntax unified
 652              		.thumb
 653              		.thumb_func
 655              	getRemainDist:
 656              	.LFB75:
 137:Core/Src/zigbee_edc24.c **** 
 138:Core/Src/zigbee_edc24.c **** int32_t getRemainDist()
 139:Core/Src/zigbee_edc24.c **** {
 657              		.loc 1 139 1 is_stmt 1 view -0
 658              		.cfi_startproc
 659              		@ args = 0, pretend = 0, frame = 0
 660              		@ frame_needed = 0, uses_anonymous_args = 0
 661              		@ link register save eliminated.
 140:Core/Src/zigbee_edc24.c ****     int32_t dist;
 662              		.loc 1 140 5 view .LVU163
 141:Core/Src/zigbee_edc24.c ****     dist=*((int32_t*)(&gameStatusMessage[13]));
 663              		.loc 1 141 5 view .LVU164
 664              	.LVL44:
 142:Core/Src/zigbee_edc24.c ****     return dist;
ARM GAS  /var/folders/l8/2dxms_k929sgkjbr6565hj600000gn/T//ccYnvpfh.s 			page 16


 665              		.loc 1 142 5 view .LVU165
 143:Core/Src/zigbee_edc24.c **** }
 666              		.loc 1 143 1 is_stmt 0 view .LVU166
 667 0000 014B     		ldr	r3, .L51
 668 0002 D3F80D00 		ldr	r0, [r3, #13]	@ unaligned
 669 0006 7047     		bx	lr
 670              	.L52:
 671              		.align	2
 672              	.L51:
 673 0008 00000000 		.word	.LANCHOR4
 674              		.cfi_endproc
 675              	.LFE75:
 677              		.section	.text.getOrderNum,"ax",%progbits
 678              		.align	1
 679              		.global	getOrderNum
 680              		.syntax unified
 681              		.thumb
 682              		.thumb_func
 684              	getOrderNum:
 685              	.LFB76:
 144:Core/Src/zigbee_edc24.c **** 
 145:Core/Src/zigbee_edc24.c **** uint8_t getOrderNum()
 146:Core/Src/zigbee_edc24.c **** {
 686              		.loc 1 146 1 is_stmt 1 view -0
 687              		.cfi_startproc
 688              		@ args = 0, pretend = 0, frame = 0
 689              		@ frame_needed = 0, uses_anonymous_args = 0
 690              		@ link register save eliminated.
 147:Core/Src/zigbee_edc24.c ****     return gameStatusMessage[17];
 691              		.loc 1 147 5 view .LVU168
 148:Core/Src/zigbee_edc24.c **** }
 692              		.loc 1 148 1 is_stmt 0 view .LVU169
 693 0000 014B     		ldr	r3, .L54
 694 0002 587C     		ldrb	r0, [r3, #17]	@ zero_extendqisi2
 695 0004 7047     		bx	lr
 696              	.L55:
 697 0006 00BF     		.align	2
 698              	.L54:
 699 0008 00000000 		.word	.LANCHOR4
 700              		.cfi_endproc
 701              	.LFE76:
 703              		.global	__aeabi_i2f
 704              		.global	__aeabi_fsub
 705              		.global	__aeabi_fmul
 706              		.section	.text.getCommission,"ax",%progbits
 707              		.align	1
 708              		.global	getCommission
 709              		.syntax unified
 710              		.thumb
 711              		.thumb_func
 713              	getCommission:
 714              	.LVL45:
 715              	.LFB77:
 149:Core/Src/zigbee_edc24.c **** 
 150:Core/Src/zigbee_edc24.c **** float getCommission(Order_edc24 order,float tm){ return max_float(0 , order.commission - max_float(
 716              		.loc 1 150 48 is_stmt 1 view -0
 717              		.cfi_startproc
ARM GAS  /var/folders/l8/2dxms_k929sgkjbr6565hj600000gn/T//ccYnvpfh.s 			page 17


 718              		@ args = 24, pretend = 16, frame = 0
 719              		@ frame_needed = 0, uses_anonymous_args = 0
 720              		.loc 1 150 48 is_stmt 0 view .LVU171
 721 0000 84B0     		sub	sp, sp, #16
 722              	.LCFI6:
 723              		.cfi_def_cfa_offset 16
 724 0002 38B5     		push	{r3, r4, r5, lr}
 725              	.LCFI7:
 726              		.cfi_def_cfa_offset 32
 727              		.cfi_offset 3, -32
 728              		.cfi_offset 4, -28
 729              		.cfi_offset 5, -24
 730              		.cfi_offset 14, -20
 731 0004 04AC     		add	r4, sp, #16
 732 0006 84E80F00 		stm	r4, {r0, r1, r2, r3}
 733              		.loc 1 150 50 is_stmt 1 view .LVU172
 734              		.loc 1 150 76 is_stmt 0 view .LVU173
 735 000a 089D     		ldr	r5, [sp, #32]	@ float
 736              		.loc 1 150 108 view .LVU174
 737 000c 1046     		mov	r0, r2
 738 000e FFF7FEFF 		bl	__aeabi_i2f
 739              	.LVL46:
 740 0012 0146     		mov	r1, r0
 741 0014 0998     		ldr	r0, [sp, #36]	@ float
 742 0016 FFF7FEFF 		bl	__aeabi_fsub
 743              	.LVL47:
 744              		.loc 1 150 90 view .LVU175
 745 001a 0024     		movs	r4, #0
 746 001c 0849     		ldr	r1, .L58
 747 001e FFF7FEFF 		bl	__aeabi_fmul
 748              	.LVL48:
 749 0022 2146     		mov	r1, r4
 750 0024 FFF7FEFF 		bl	max_float
 751              	.LVL49:
 752 0028 0146     		mov	r1, r0
 753              		.loc 1 150 57 view .LVU176
 754 002a 2846     		mov	r0, r5
 755 002c FFF7FEFF 		bl	__aeabi_fsub
 756              	.LVL50:
 757 0030 0146     		mov	r1, r0
 758 0032 2046     		mov	r0, r4
 759 0034 FFF7FEFF 		bl	max_float
 760              	.LVL51:
 761              		.loc 1 150 134 view .LVU177
 762 0038 BDE83840 		pop	{r3, r4, r5, lr}
 763              	.LCFI8:
 764              		.cfi_restore 14
 765              		.cfi_restore 5
 766              		.cfi_restore 4
 767              		.cfi_restore 3
 768              		.cfi_def_cfa_offset 16
 769 003c 04B0     		add	sp, sp, #16
 770              	.LCFI9:
 771              		.cfi_def_cfa_offset 0
 772 003e 7047     		bx	lr
 773              	.L59:
 774              		.align	2
ARM GAS  /var/folders/l8/2dxms_k929sgkjbr6565hj600000gn/T//ccYnvpfh.s 			page 18


 775              	.L58:
 776 0040 0000A040 		.word	1084227584
 777              		.cfi_endproc
 778              	.LFE77:
 780              		.section	.text.getOneOrder,"ax",%progbits
 781              		.align	1
 782              		.global	getOneOrder
 783              		.syntax unified
 784              		.thumb
 785              		.thumb_func
 787              	getOneOrder:
 788              	.LVL52:
 789              	.LFB78:
 151:Core/Src/zigbee_edc24.c **** 
 152:Core/Src/zigbee_edc24.c **** Order_edc24 getOneOrder(uint8_t orderNo)
 153:Core/Src/zigbee_edc24.c **** {
 790              		.loc 1 153 1 is_stmt 1 view -0
 791              		.cfi_startproc
 792              		@ args = 0, pretend = 0, frame = 0
 793              		@ frame_needed = 0, uses_anonymous_args = 0
 794              		.loc 1 153 1 is_stmt 0 view .LVU179
 795 0000 70B5     		push	{r4, r5, r6, lr}
 796              	.LCFI10:
 797              		.cfi_def_cfa_offset 16
 798              		.cfi_offset 4, -16
 799              		.cfi_offset 5, -12
 800              		.cfi_offset 6, -8
 801              		.cfi_offset 14, -4
 802 0002 0546     		mov	r5, r0
 154:Core/Src/zigbee_edc24.c ****     Order_edc24 order;
 803              		.loc 1 154 5 is_stmt 1 view .LVU180
 155:Core/Src/zigbee_edc24.c ****     order.depPos.x=*((int16_t*)(&gameStatusMessage[18+18*orderNo]));
 804              		.loc 1 155 5 view .LVU181
 805              		.loc 1 155 54 is_stmt 0 view .LVU182
 806 0004 4B1C     		adds	r3, r1, #1
 807 0006 03EBC303 		add	r3, r3, r3, lsl #3
 808              		.loc 1 155 33 view .LVU183
 809 000a 114E     		ldr	r6, .L62
 810              		.loc 1 155 20 view .LVU184
 811 000c 36F91330 		ldrsh	r3, [r6, r3, lsl #1]
 812              		.loc 1 155 19 view .LVU185
 813 0010 0380     		strh	r3, [r0]	@ movhi
 156:Core/Src/zigbee_edc24.c ****     order.depPos.y=*((int16_t*)(&gameStatusMessage[20+18*orderNo]));
 814              		.loc 1 156 5 is_stmt 1 view .LVU186
 815              		.loc 1 156 57 is_stmt 0 view .LVU187
 816 0012 01EBC101 		add	r1, r1, r1, lsl #3
 817              	.LVL53:
 818              		.loc 1 156 57 view .LVU188
 819 0016 4C00     		lsls	r4, r1, #1
 820              		.loc 1 156 54 view .LVU189
 821 0018 04F11403 		add	r3, r4, #20
 822              		.loc 1 156 20 view .LVU190
 823 001c F35E     		ldrsh	r3, [r6, r3]
 824              		.loc 1 156 19 view .LVU191
 825 001e 4380     		strh	r3, [r0, #2]	@ movhi
 157:Core/Src/zigbee_edc24.c ****     order.desPos.x=*((int16_t*)(&gameStatusMessage[22+18*orderNo]));
 826              		.loc 1 157 5 is_stmt 1 view .LVU192
ARM GAS  /var/folders/l8/2dxms_k929sgkjbr6565hj600000gn/T//ccYnvpfh.s 			page 19


 827              		.loc 1 157 54 is_stmt 0 view .LVU193
 828 0020 04F11603 		add	r3, r4, #22
 829              		.loc 1 157 20 view .LVU194
 830 0024 F35E     		ldrsh	r3, [r6, r3]
 831              		.loc 1 157 19 view .LVU195
 832 0026 8380     		strh	r3, [r0, #4]	@ movhi
 158:Core/Src/zigbee_edc24.c ****     order.desPos.y=*((int16_t*)(&gameStatusMessage[24+18*orderNo]));
 833              		.loc 1 158 5 is_stmt 1 view .LVU196
 834              		.loc 1 158 54 is_stmt 0 view .LVU197
 835 0028 04F11803 		add	r3, r4, #24
 836              		.loc 1 158 20 view .LVU198
 837 002c F35E     		ldrsh	r3, [r6, r3]
 838              		.loc 1 158 19 view .LVU199
 839 002e C380     		strh	r3, [r0, #6]	@ movhi
 159:Core/Src/zigbee_edc24.c ****     order.timeLimit=*((int32_t*)(&gameStatusMessage[26+18*orderNo]));
 840              		.loc 1 159 5 is_stmt 1 view .LVU200
 841              		.loc 1 159 55 is_stmt 0 view .LVU201
 842 0030 04F11A03 		add	r3, r4, #26
 843              		.loc 1 159 21 view .LVU202
 844 0034 F358     		ldr	r3, [r6, r3]
 845              		.loc 1 159 20 view .LVU203
 846 0036 8360     		str	r3, [r0, #8]
 160:Core/Src/zigbee_edc24.c ****     order.commission=change_float_data(&gameStatusMessage[30+18*orderNo]);
 847              		.loc 1 160 5 is_stmt 1 view .LVU204
 848              		.loc 1 160 61 is_stmt 0 view .LVU205
 849 0038 04F11E00 		add	r0, r4, #30
 850              	.LVL54:
 851              		.loc 1 160 22 view .LVU206
 852 003c 3044     		add	r0, r0, r6
 853 003e FFF7FEFF 		bl	change_float_data
 854              	.LVL55:
 855              		.loc 1 160 21 view .LVU207
 856 0042 2861     		str	r0, [r5, #16]	@ float
 161:Core/Src/zigbee_edc24.c ****     order.orderId=*((int16_t*)(&gameStatusMessage[34+18*orderNo]));
 857              		.loc 1 161 5 is_stmt 1 view .LVU208
 858              		.loc 1 161 53 is_stmt 0 view .LVU209
 859 0044 2234     		adds	r4, r4, #34
 860              		.loc 1 161 19 view .LVU210
 861 0046 335F     		ldrsh	r3, [r6, r4]
 862              		.loc 1 161 18 view .LVU211
 863 0048 AB81     		strh	r3, [r5, #12]	@ movhi
 162:Core/Src/zigbee_edc24.c ****     return order;
 864              		.loc 1 162 5 is_stmt 1 view .LVU212
 163:Core/Src/zigbee_edc24.c **** }
 865              		.loc 1 163 1 is_stmt 0 view .LVU213
 866 004a 2846     		mov	r0, r5
 867 004c 70BD     		pop	{r4, r5, r6, pc}
 868              	.LVL56:
 869              	.L63:
 870              		.loc 1 163 1 view .LVU214
 871 004e 00BF     		.align	2
 872              	.L62:
 873 0050 00000000 		.word	.LANCHOR4
 874              		.cfi_endproc
 875              	.LFE78:
 877              		.section	.text.getLatestPendingOrder,"ax",%progbits
 878              		.align	1
ARM GAS  /var/folders/l8/2dxms_k929sgkjbr6565hj600000gn/T//ccYnvpfh.s 			page 20


 879              		.global	getLatestPendingOrder
 880              		.syntax unified
 881              		.thumb
 882              		.thumb_func
 884              	getLatestPendingOrder:
 885              	.LVL57:
 886              	.LFB79:
 164:Core/Src/zigbee_edc24.c **** 
 165:Core/Src/zigbee_edc24.c **** Order_edc24 getLatestPendingOrder()
 166:Core/Src/zigbee_edc24.c **** {
 887              		.loc 1 166 1 is_stmt 1 view -0
 888              		.cfi_startproc
 889              		@ args = 0, pretend = 0, frame = 0
 890              		@ frame_needed = 0, uses_anonymous_args = 0
 891              		.loc 1 166 1 is_stmt 0 view .LVU216
 892 0000 70B5     		push	{r4, r5, r6, lr}
 893              	.LCFI11:
 894              		.cfi_def_cfa_offset 16
 895              		.cfi_offset 4, -16
 896              		.cfi_offset 5, -12
 897              		.cfi_offset 6, -8
 898              		.cfi_offset 14, -4
 899 0002 0546     		mov	r5, r0
 167:Core/Src/zigbee_edc24.c ****     int32_t tmpnum=(int32_t)gameStatusMessage[21];
 900              		.loc 1 167 5 is_stmt 1 view .LVU217
 901              		.loc 1 167 46 is_stmt 0 view .LVU218
 902 0004 134E     		ldr	r6, .L66
 903 0006 747D     		ldrb	r4, [r6, #21]	@ zero_extendqisi2
 904              	.LVL58:
 168:Core/Src/zigbee_edc24.c ****     Order_edc24 order;
 905              		.loc 1 168 5 is_stmt 1 view .LVU219
 169:Core/Src/zigbee_edc24.c ****     order.depPos.x=*((int16_t*)(&gameStatusMessage[18+18*tmpnum]));
 906              		.loc 1 169 5 view .LVU220
 907              		.loc 1 169 54 is_stmt 0 view .LVU221
 908 0008 631C     		adds	r3, r4, #1
 909 000a 03EBC303 		add	r3, r3, r3, lsl #3
 910              		.loc 1 169 20 view .LVU222
 911 000e 36F91330 		ldrsh	r3, [r6, r3, lsl #1]
 912              		.loc 1 169 19 view .LVU223
 913 0012 0380     		strh	r3, [r0]	@ movhi
 170:Core/Src/zigbee_edc24.c ****     order.depPos.y=*((int16_t*)(&gameStatusMessage[20+18*tmpnum]));
 914              		.loc 1 170 5 is_stmt 1 view .LVU224
 915              		.loc 1 170 57 is_stmt 0 view .LVU225
 916 0014 04EBC404 		add	r4, r4, r4, lsl #3
 917              	.LVL59:
 918              		.loc 1 170 57 view .LVU226
 919 0018 6400     		lsls	r4, r4, #1
 920              		.loc 1 170 54 view .LVU227
 921 001a 04F11403 		add	r3, r4, #20
 922              		.loc 1 170 20 view .LVU228
 923 001e F35E     		ldrsh	r3, [r6, r3]
 924              		.loc 1 170 19 view .LVU229
 925 0020 4380     		strh	r3, [r0, #2]	@ movhi
 171:Core/Src/zigbee_edc24.c ****     order.desPos.x=*((int16_t*)(&gameStatusMessage[22+18*tmpnum]));
 926              		.loc 1 171 5 is_stmt 1 view .LVU230
 927              		.loc 1 171 54 is_stmt 0 view .LVU231
 928 0022 04F11603 		add	r3, r4, #22
ARM GAS  /var/folders/l8/2dxms_k929sgkjbr6565hj600000gn/T//ccYnvpfh.s 			page 21


 929              		.loc 1 171 20 view .LVU232
 930 0026 F35E     		ldrsh	r3, [r6, r3]
 931              		.loc 1 171 19 view .LVU233
 932 0028 8380     		strh	r3, [r0, #4]	@ movhi
 172:Core/Src/zigbee_edc24.c ****     order.desPos.y=*((int16_t*)(&gameStatusMessage[24+18*tmpnum]));
 933              		.loc 1 172 5 is_stmt 1 view .LVU234
 934              		.loc 1 172 54 is_stmt 0 view .LVU235
 935 002a 04F11803 		add	r3, r4, #24
 936              		.loc 1 172 20 view .LVU236
 937 002e F35E     		ldrsh	r3, [r6, r3]
 938              		.loc 1 172 19 view .LVU237
 939 0030 C380     		strh	r3, [r0, #6]	@ movhi
 173:Core/Src/zigbee_edc24.c ****     order.timeLimit=*((int32_t*)(&gameStatusMessage[26+18*tmpnum]));
 940              		.loc 1 173 5 is_stmt 1 view .LVU238
 941              		.loc 1 173 55 is_stmt 0 view .LVU239
 942 0032 04F11A03 		add	r3, r4, #26
 943              		.loc 1 173 21 view .LVU240
 944 0036 F358     		ldr	r3, [r6, r3]
 945              		.loc 1 173 20 view .LVU241
 946 0038 8360     		str	r3, [r0, #8]
 174:Core/Src/zigbee_edc24.c ****     order.commission=change_float_data(&gameStatusMessage[30+18*tmpnum]);
 947              		.loc 1 174 5 is_stmt 1 view .LVU242
 948              		.loc 1 174 61 is_stmt 0 view .LVU243
 949 003a 04F11E00 		add	r0, r4, #30
 950              	.LVL60:
 951              		.loc 1 174 22 view .LVU244
 952 003e 3044     		add	r0, r0, r6
 953 0040 FFF7FEFF 		bl	change_float_data
 954              	.LVL61:
 955              		.loc 1 174 21 view .LVU245
 956 0044 2861     		str	r0, [r5, #16]	@ float
 175:Core/Src/zigbee_edc24.c ****     order.orderId=*((int16_t*)(&gameStatusMessage[34+18*tmpnum]));
 957              		.loc 1 175 5 is_stmt 1 view .LVU246
 958              		.loc 1 175 53 is_stmt 0 view .LVU247
 959 0046 2234     		adds	r4, r4, #34
 960              		.loc 1 175 19 view .LVU248
 961 0048 335F     		ldrsh	r3, [r6, r4]
 962              		.loc 1 175 18 view .LVU249
 963 004a AB81     		strh	r3, [r5, #12]	@ movhi
 176:Core/Src/zigbee_edc24.c ****     order.isgot = 0;
 964              		.loc 1 176 5 is_stmt 1 view .LVU250
 965              		.loc 1 176 17 is_stmt 0 view .LVU251
 966 004c 0023     		movs	r3, #0
 967 004e AB73     		strb	r3, [r5, #14]
 177:Core/Src/zigbee_edc24.c ****     return order;
 968              		.loc 1 177 5 is_stmt 1 view .LVU252
 178:Core/Src/zigbee_edc24.c **** }
 969              		.loc 1 178 1 is_stmt 0 view .LVU253
 970 0050 2846     		mov	r0, r5
 971 0052 70BD     		pop	{r4, r5, r6, pc}
 972              	.LVL62:
 973              	.L67:
 974              		.loc 1 178 1 view .LVU254
 975              		.align	2
 976              	.L66:
 977 0054 00000000 		.word	.LANCHOR4
 978              		.cfi_endproc
ARM GAS  /var/folders/l8/2dxms_k929sgkjbr6565hj600000gn/T//ccYnvpfh.s 			page 22


 979              	.LFE79:
 981              		.section	.text.getGameStage,"ax",%progbits
 982              		.align	1
 983              		.global	getGameStage
 984              		.syntax unified
 985              		.thumb
 986              		.thumb_func
 988              	getGameStage:
 989              	.LFB80:
 179:Core/Src/zigbee_edc24.c **** 
 180:Core/Src/zigbee_edc24.c **** GameStage_edc24 getGameStage()
 181:Core/Src/zigbee_edc24.c **** {
 990              		.loc 1 181 1 is_stmt 1 view -0
 991              		.cfi_startproc
 992              		@ args = 0, pretend = 0, frame = 0
 993              		@ frame_needed = 0, uses_anonymous_args = 0
 994              		@ link register save eliminated.
 182:Core/Src/zigbee_edc24.c ****     uint8_t stage;
 995              		.loc 1 182 5 view .LVU256
 183:Core/Src/zigbee_edc24.c ****     stage=gameInfoMessage[0];
 996              		.loc 1 183 5 view .LVU257
 997              	.LVL63:
 184:Core/Src/zigbee_edc24.c ****     return (GameStage_edc24)stage;
 998              		.loc 1 184 5 view .LVU258
 185:Core/Src/zigbee_edc24.c **** }
 999              		.loc 1 185 1 is_stmt 0 view .LVU259
 1000 0000 014B     		ldr	r3, .L69
 1001 0002 1878     		ldrb	r0, [r3]	@ zero_extendqisi2
 1002 0004 7047     		bx	lr
 1003              	.L70:
 1004 0006 00BF     		.align	2
 1005              	.L69:
 1006 0008 00000000 		.word	.LANCHOR3
 1007              		.cfi_endproc
 1008              	.LFE80:
 1010              		.section	.text.getOneBarrier,"ax",%progbits
 1011              		.align	1
 1012              		.global	getOneBarrier
 1013              		.syntax unified
 1014              		.thumb
 1015              		.thumb_func
 1017              	getOneBarrier:
 1018              	.LVL64:
 1019              	.LFB81:
 186:Core/Src/zigbee_edc24.c **** 
 187:Core/Src/zigbee_edc24.c **** Barrier_edc24 getOneBarrier(uint8_t barrierNo)
 188:Core/Src/zigbee_edc24.c **** {
 1020              		.loc 1 188 1 is_stmt 1 view -0
 1021              		.cfi_startproc
 1022              		@ args = 0, pretend = 0, frame = 0
 1023              		@ frame_needed = 0, uses_anonymous_args = 0
 1024              		@ link register save eliminated.
 1025              		.loc 1 188 1 is_stmt 0 view .LVU261
 1026 0000 10B4     		push	{r4}
 1027              	.LCFI12:
 1028              		.cfi_def_cfa_offset 4
 1029              		.cfi_offset 4, -4
ARM GAS  /var/folders/l8/2dxms_k929sgkjbr6565hj600000gn/T//ccYnvpfh.s 			page 23


 189:Core/Src/zigbee_edc24.c ****     Barrier_edc24 barrier;
 1030              		.loc 1 189 5 is_stmt 1 view .LVU262
 190:Core/Src/zigbee_edc24.c ****     barrier.pos_1.x=*((int16_t*)(&gameInfoMessage[2+8*barrierNo]));
 1031              		.loc 1 190 5 view .LVU263
 1032              		.loc 1 190 54 is_stmt 0 view .LVU264
 1033 0002 CA00     		lsls	r2, r1, #3
 1034              		.loc 1 190 52 view .LVU265
 1035 0004 02F1020C 		add	ip, r2, #2
 1036              		.loc 1 190 34 view .LVU266
 1037 0008 094C     		ldr	r4, .L73
 1038              		.loc 1 190 21 view .LVU267
 1039 000a 34F90CC0 		ldrsh	ip, [r4, ip]
 1040              		.loc 1 190 20 view .LVU268
 1041 000e A0F800C0 		strh	ip, [r0]	@ movhi
 191:Core/Src/zigbee_edc24.c ****     barrier.pos_1.y=*((int16_t*)(&gameInfoMessage[4+8*barrierNo]));
 1042              		.loc 1 191 5 is_stmt 1 view .LVU269
 1043              		.loc 1 191 52 is_stmt 0 view .LVU270
 1044 0012 02F1040C 		add	ip, r2, #4
 1045              		.loc 1 191 21 view .LVU271
 1046 0016 34F90CC0 		ldrsh	ip, [r4, ip]
 1047              		.loc 1 191 20 view .LVU272
 1048 001a A0F802C0 		strh	ip, [r0, #2]	@ movhi
 192:Core/Src/zigbee_edc24.c ****     barrier.pos_2.x=*((int16_t*)(&gameInfoMessage[6+8*barrierNo]));
 1049              		.loc 1 192 5 is_stmt 1 view .LVU273
 1050              		.loc 1 192 52 is_stmt 0 view .LVU274
 1051 001e 0632     		adds	r2, r2, #6
 1052              		.loc 1 192 21 view .LVU275
 1053 0020 A25E     		ldrsh	r2, [r4, r2]
 1054              		.loc 1 192 20 view .LVU276
 1055 0022 8280     		strh	r2, [r0, #4]	@ movhi
 193:Core/Src/zigbee_edc24.c ****     barrier.pos_2.y=*((int16_t*)(&gameInfoMessage[8+8*barrierNo]));
 1056              		.loc 1 193 5 is_stmt 1 view .LVU277
 1057              		.loc 1 193 52 is_stmt 0 view .LVU278
 1058 0024 0131     		adds	r1, r1, #1
 1059              	.LVL65:
 1060              		.loc 1 193 21 view .LVU279
 1061 0026 34F93120 		ldrsh	r2, [r4, r1, lsl #3]
 1062              		.loc 1 193 20 view .LVU280
 1063 002a C280     		strh	r2, [r0, #6]	@ movhi
 194:Core/Src/zigbee_edc24.c ****     return barrier;
 1064              		.loc 1 194 5 is_stmt 1 view .LVU281
 195:Core/Src/zigbee_edc24.c **** }
 1065              		.loc 1 195 1 is_stmt 0 view .LVU282
 1066 002c 10BC     		pop	{r4}
 1067              	.LCFI13:
 1068              		.cfi_restore 4
 1069              		.cfi_def_cfa_offset 0
 1070 002e 7047     		bx	lr
 1071              	.L74:
 1072              		.align	2
 1073              	.L73:
 1074 0030 00000000 		.word	.LANCHOR3
 1075              		.cfi_endproc
 1076              	.LFE81:
 1078              		.section	.text.getHalfGameDuration,"ax",%progbits
 1079              		.align	1
 1080              		.global	getHalfGameDuration
ARM GAS  /var/folders/l8/2dxms_k929sgkjbr6565hj600000gn/T//ccYnvpfh.s 			page 24


 1081              		.syntax unified
 1082              		.thumb
 1083              		.thumb_func
 1085              	getHalfGameDuration:
 1086              	.LFB82:
 196:Core/Src/zigbee_edc24.c **** 
 197:Core/Src/zigbee_edc24.c **** int32_t getHalfGameDuration()
 198:Core/Src/zigbee_edc24.c **** {
 1087              		.loc 1 198 1 is_stmt 1 view -0
 1088              		.cfi_startproc
 1089              		@ args = 0, pretend = 0, frame = 0
 1090              		@ frame_needed = 0, uses_anonymous_args = 0
 1091              		@ link register save eliminated.
 199:Core/Src/zigbee_edc24.c ****     int32_t time;
 1092              		.loc 1 199 5 view .LVU284
 200:Core/Src/zigbee_edc24.c ****     time=*((int32_t*)(&gameInfoMessage[42]));
 1093              		.loc 1 200 5 view .LVU285
 1094              	.LVL66:
 201:Core/Src/zigbee_edc24.c ****     return (int32_t)time;
 1095              		.loc 1 201 5 view .LVU286
 202:Core/Src/zigbee_edc24.c **** }
 1096              		.loc 1 202 1 is_stmt 0 view .LVU287
 1097 0000 014B     		ldr	r3, .L76
 1098 0002 D3F82A00 		ldr	r0, [r3, #42]	@ unaligned
 1099 0006 7047     		bx	lr
 1100              	.L77:
 1101              		.align	2
 1102              	.L76:
 1103 0008 00000000 		.word	.LANCHOR3
 1104              		.cfi_endproc
 1105              	.LFE82:
 1107              		.section	.text.getOwnChargingPileNum,"ax",%progbits
 1108              		.align	1
 1109              		.global	getOwnChargingPileNum
 1110              		.syntax unified
 1111              		.thumb
 1112              		.thumb_func
 1114              	getOwnChargingPileNum:
 1115              	.LFB83:
 203:Core/Src/zigbee_edc24.c **** 
 204:Core/Src/zigbee_edc24.c **** uint8_t getOwnChargingPileNum()
 205:Core/Src/zigbee_edc24.c **** {
 1116              		.loc 1 205 1 is_stmt 1 view -0
 1117              		.cfi_startproc
 1118              		@ args = 0, pretend = 0, frame = 0
 1119              		@ frame_needed = 0, uses_anonymous_args = 0
 1120              		@ link register save eliminated.
 206:Core/Src/zigbee_edc24.c ****     return gameInfoMessage[46];
 1121              		.loc 1 206 5 view .LVU289
 207:Core/Src/zigbee_edc24.c **** }
 1122              		.loc 1 207 1 is_stmt 0 view .LVU290
 1123 0000 014B     		ldr	r3, .L79
 1124 0002 93F82E00 		ldrb	r0, [r3, #46]	@ zero_extendqisi2
 1125 0006 7047     		bx	lr
 1126              	.L80:
 1127              		.align	2
 1128              	.L79:
ARM GAS  /var/folders/l8/2dxms_k929sgkjbr6565hj600000gn/T//ccYnvpfh.s 			page 25


 1129 0008 00000000 		.word	.LANCHOR3
 1130              		.cfi_endproc
 1131              	.LFE83:
 1133              		.section	.text.getOppChargingPileNum,"ax",%progbits
 1134              		.align	1
 1135              		.global	getOppChargingPileNum
 1136              		.syntax unified
 1137              		.thumb
 1138              		.thumb_func
 1140              	getOppChargingPileNum:
 1141              	.LFB84:
 208:Core/Src/zigbee_edc24.c **** 
 209:Core/Src/zigbee_edc24.c **** uint8_t getOppChargingPileNum()
 210:Core/Src/zigbee_edc24.c **** {
 1142              		.loc 1 210 1 is_stmt 1 view -0
 1143              		.cfi_startproc
 1144              		@ args = 0, pretend = 0, frame = 0
 1145              		@ frame_needed = 0, uses_anonymous_args = 0
 1146              		@ link register save eliminated.
 211:Core/Src/zigbee_edc24.c ****     uint8_t tmp;
 1147              		.loc 1 211 5 view .LVU292
 212:Core/Src/zigbee_edc24.c ****     tmp=gameInfoMessage[46];
 1148              		.loc 1 212 5 view .LVU293
 1149              		.loc 1 212 8 is_stmt 0 view .LVU294
 1150 0000 034A     		ldr	r2, .L82
 1151 0002 92F82E30 		ldrb	r3, [r2, #46]	@ zero_extendqisi2
 1152              	.LVL67:
 213:Core/Src/zigbee_edc24.c ****     return gameInfoMessage[47+4*tmp];
 1153              		.loc 1 213 5 is_stmt 1 view .LVU295
 1154              		.loc 1 213 32 is_stmt 0 view .LVU296
 1155 0006 9B00     		lsls	r3, r3, #2
 1156              	.LVL68:
 1157              		.loc 1 213 30 view .LVU297
 1158 0008 2F33     		adds	r3, r3, #47
 214:Core/Src/zigbee_edc24.c **** }
 1159              		.loc 1 214 1 view .LVU298
 1160 000a D05C     		ldrb	r0, [r2, r3]	@ zero_extendqisi2
 1161 000c 7047     		bx	lr
 1162              	.L83:
 1163 000e 00BF     		.align	2
 1164              	.L82:
 1165 0010 00000000 		.word	.LANCHOR3
 1166              		.cfi_endproc
 1167              	.LFE84:
 1169              		.section	.text.getOneOwnPile,"ax",%progbits
 1170              		.align	1
 1171              		.global	getOneOwnPile
 1172              		.syntax unified
 1173              		.thumb
 1174              		.thumb_func
 1176              	getOneOwnPile:
 1177              	.LVL69:
 1178              	.LFB85:
 215:Core/Src/zigbee_edc24.c **** 
 216:Core/Src/zigbee_edc24.c **** Position_edc24 getOneOwnPile(uint8_t pileNo)
 217:Core/Src/zigbee_edc24.c **** {
 1179              		.loc 1 217 1 is_stmt 1 view -0
ARM GAS  /var/folders/l8/2dxms_k929sgkjbr6565hj600000gn/T//ccYnvpfh.s 			page 26


 1180              		.cfi_startproc
 1181              		@ args = 0, pretend = 0, frame = 8
 1182              		@ frame_needed = 0, uses_anonymous_args = 0
 1183              		@ link register save eliminated.
 1184              		.loc 1 217 1 is_stmt 0 view .LVU300
 1185 0000 82B0     		sub	sp, sp, #8
 1186              	.LCFI14:
 1187              		.cfi_def_cfa_offset 8
 218:Core/Src/zigbee_edc24.c ****     Position_edc24 pos;
 1188              		.loc 1 218 5 is_stmt 1 view .LVU301
 219:Core/Src/zigbee_edc24.c ****     pos.x=*((int16_t*)(&gameInfoMessage[47+4*pileNo]));
 1189              		.loc 1 219 5 view .LVU302
 1190              		.loc 1 219 45 is_stmt 0 view .LVU303
 1191 0002 8000     		lsls	r0, r0, #2
 1192              	.LVL70:
 1193              		.loc 1 219 43 view .LVU304
 1194 0004 00F12F02 		add	r2, r0, #47
 1195              		.loc 1 219 24 view .LVU305
 1196 0008 0A4B     		ldr	r3, .L86
 1197              		.loc 1 219 11 view .LVU306
 1198 000a 9A5E     		ldrsh	r2, [r3, r2]
 1199              		.loc 1 219 10 view .LVU307
 1200 000c ADF80020 		strh	r2, [sp]	@ movhi
 220:Core/Src/zigbee_edc24.c ****     pos.y=*((int16_t*)(&gameInfoMessage[49+4*pileNo]));
 1201              		.loc 1 220 5 is_stmt 1 view .LVU308
 1202              		.loc 1 220 43 is_stmt 0 view .LVU309
 1203 0010 3130     		adds	r0, r0, #49
 1204              		.loc 1 220 11 view .LVU310
 1205 0012 1B5E     		ldrsh	r3, [r3, r0]
 1206              		.loc 1 220 10 view .LVU311
 1207 0014 ADF80230 		strh	r3, [sp, #2]	@ movhi
 221:Core/Src/zigbee_edc24.c ****     return pos;
 1208              		.loc 1 221 5 is_stmt 1 view .LVU312
 1209              		.loc 1 221 12 is_stmt 0 view .LVU313
 1210 0018 009B     		ldr	r3, [sp]
 1211 001a 0193     		str	r3, [sp, #4]
 1212 001c 0020     		movs	r0, #0
 1213 001e BDF80430 		ldrh	r3, [sp, #4]
 1214 0022 63F30F00 		bfi	r0, r3, #0, #16
 1215 0026 BDF80630 		ldrh	r3, [sp, #6]
 1216 002a 63F31F40 		bfi	r0, r3, #16, #16
 222:Core/Src/zigbee_edc24.c **** }
 1217              		.loc 1 222 1 view .LVU314
 1218 002e 02B0     		add	sp, sp, #8
 1219              	.LCFI15:
 1220              		.cfi_def_cfa_offset 0
 1221              		@ sp needed
 1222 0030 7047     		bx	lr
 1223              	.L87:
 1224 0032 00BF     		.align	2
 1225              	.L86:
 1226 0034 00000000 		.word	.LANCHOR3
 1227              		.cfi_endproc
 1228              	.LFE85:
 1230              		.section	.text.getOneOppPile,"ax",%progbits
 1231              		.align	1
 1232              		.global	getOneOppPile
ARM GAS  /var/folders/l8/2dxms_k929sgkjbr6565hj600000gn/T//ccYnvpfh.s 			page 27


 1233              		.syntax unified
 1234              		.thumb
 1235              		.thumb_func
 1237              	getOneOppPile:
 1238              	.LVL71:
 1239              	.LFB86:
 223:Core/Src/zigbee_edc24.c **** 
 224:Core/Src/zigbee_edc24.c **** Position_edc24 getOneOppPile(uint8_t pileNo)
 225:Core/Src/zigbee_edc24.c **** {
 1240              		.loc 1 225 1 is_stmt 1 view -0
 1241              		.cfi_startproc
 1242              		@ args = 0, pretend = 0, frame = 8
 1243              		@ frame_needed = 0, uses_anonymous_args = 0
 1244              		@ link register save eliminated.
 1245              		.loc 1 225 1 is_stmt 0 view .LVU316
 1246 0000 82B0     		sub	sp, sp, #8
 1247              	.LCFI16:
 1248              		.cfi_def_cfa_offset 8
 226:Core/Src/zigbee_edc24.c ****     uint8_t tmpnum;
 1249              		.loc 1 226 5 is_stmt 1 view .LVU317
 227:Core/Src/zigbee_edc24.c ****     tmpnum=gameInfoMessage[46];
 1250              		.loc 1 227 5 view .LVU318
 1251              		.loc 1 227 11 is_stmt 0 view .LVU319
 1252 0002 0C4A     		ldr	r2, .L90
 1253 0004 92F82E30 		ldrb	r3, [r2, #46]	@ zero_extendqisi2
 1254              	.LVL72:
 228:Core/Src/zigbee_edc24.c ****     Position_edc24 pos;
 1255              		.loc 1 228 5 is_stmt 1 view .LVU320
 229:Core/Src/zigbee_edc24.c ****     pos.x=*((int32_t*)(&gameInfoMessage[48+4*tmpnum+4*pileNo]));
 1256              		.loc 1 229 5 view .LVU321
 1257              		.loc 1 229 43 is_stmt 0 view .LVU322
 1258 0008 0C33     		adds	r3, r3, #12
 1259              	.LVL73:
 1260              		.loc 1 229 52 view .LVU323
 1261 000a 1844     		add	r0, r0, r3
 1262              	.LVL74:
 1263              		.loc 1 229 10 view .LVU324
 1264 000c 32F92030 		ldrsh	r3, [r2, r0, lsl #2]
 1265              	.LVL75:
 1266              		.loc 1 229 10 view .LVU325
 1267 0010 ADF80030 		strh	r3, [sp]	@ movhi
 230:Core/Src/zigbee_edc24.c ****     pos.y=*((int32_t*)(&gameInfoMessage[48+4*tmpnum+4*pileNo]));
 1268              		.loc 1 230 5 is_stmt 1 view .LVU326
 1269              		.loc 1 230 10 is_stmt 0 view .LVU327
 1270 0014 ADF80230 		strh	r3, [sp, #2]	@ movhi
 231:Core/Src/zigbee_edc24.c ****     return pos;
 1271              		.loc 1 231 5 is_stmt 1 view .LVU328
 1272              		.loc 1 231 12 is_stmt 0 view .LVU329
 1273 0018 009B     		ldr	r3, [sp]
 1274 001a 0193     		str	r3, [sp, #4]
 1275 001c 0020     		movs	r0, #0
 1276 001e BDF80430 		ldrh	r3, [sp, #4]
 1277 0022 63F30F00 		bfi	r0, r3, #0, #16
 1278 0026 BDF80630 		ldrh	r3, [sp, #6]
 1279 002a 63F31F40 		bfi	r0, r3, #16, #16
 232:Core/Src/zigbee_edc24.c **** }
 1280              		.loc 1 232 1 view .LVU330
ARM GAS  /var/folders/l8/2dxms_k929sgkjbr6565hj600000gn/T//ccYnvpfh.s 			page 28


 1281 002e 02B0     		add	sp, sp, #8
 1282              	.LCFI17:
 1283              		.cfi_def_cfa_offset 0
 1284              		@ sp needed
 1285 0030 7047     		bx	lr
 1286              	.L91:
 1287 0032 00BF     		.align	2
 1288              	.L90:
 1289 0034 00000000 		.word	.LANCHOR3
 1290              		.cfi_endproc
 1291              	.LFE86:
 1293              		.section	.text.reqGameInfo,"ax",%progbits
 1294              		.align	1
 1295              		.global	reqGameInfo
 1296              		.syntax unified
 1297              		.thumb
 1298              		.thumb_func
 1300              	reqGameInfo:
 1301              	.LFB87:
 233:Core/Src/zigbee_edc24.c **** 
 234:Core/Src/zigbee_edc24.c **** void reqGameInfo()
 235:Core/Src/zigbee_edc24.c **** {
 1302              		.loc 1 235 1 is_stmt 1 view -0
 1303              		.cfi_startproc
 1304              		@ args = 0, pretend = 0, frame = 0
 1305              		@ frame_needed = 0, uses_anonymous_args = 0
 1306 0000 08B5     		push	{r3, lr}
 1307              	.LCFI18:
 1308              		.cfi_def_cfa_offset 8
 1309              		.cfi_offset 3, -8
 1310              		.cfi_offset 14, -4
 236:Core/Src/zigbee_edc24.c ****     HAL_UART_Transmit(zigbee_huart,zigbeeSend[0],6,HAL_MAX_DELAY);
 1311              		.loc 1 236 5 view .LVU332
 1312 0002 4FF0FF33 		mov	r3, #-1
 1313 0006 0622     		movs	r2, #6
 1314 0008 0249     		ldr	r1, .L94
 1315 000a 0348     		ldr	r0, .L94+4
 1316 000c 0068     		ldr	r0, [r0]
 1317 000e FFF7FEFF 		bl	HAL_UART_Transmit
 1318              	.LVL76:
 237:Core/Src/zigbee_edc24.c **** }
 1319              		.loc 1 237 1 is_stmt 0 view .LVU333
 1320 0012 08BD     		pop	{r3, pc}
 1321              	.L95:
 1322              		.align	2
 1323              	.L94:
 1324 0014 00000000 		.word	.LANCHOR5
 1325 0018 00000000 		.word	.LANCHOR0
 1326              		.cfi_endproc
 1327              	.LFE87:
 1329              		.section	.text.setChargingPile,"ax",%progbits
 1330              		.align	1
 1331              		.global	setChargingPile
 1332              		.syntax unified
 1333              		.thumb
 1334              		.thumb_func
 1336              	setChargingPile:
ARM GAS  /var/folders/l8/2dxms_k929sgkjbr6565hj600000gn/T//ccYnvpfh.s 			page 29


 1337              	.LFB88:
 238:Core/Src/zigbee_edc24.c **** 
 239:Core/Src/zigbee_edc24.c **** void setChargingPile()
 240:Core/Src/zigbee_edc24.c **** {
 1338              		.loc 1 240 1 is_stmt 1 view -0
 1339              		.cfi_startproc
 1340              		@ args = 0, pretend = 0, frame = 0
 1341              		@ frame_needed = 0, uses_anonymous_args = 0
 1342 0000 08B5     		push	{r3, lr}
 1343              	.LCFI19:
 1344              		.cfi_def_cfa_offset 8
 1345              		.cfi_offset 3, -8
 1346              		.cfi_offset 14, -4
 241:Core/Src/zigbee_edc24.c ****     HAL_UART_Transmit(zigbee_huart,zigbeeSend[1],6,HAL_MAX_DELAY);
 1347              		.loc 1 241 5 view .LVU335
 1348 0002 4FF0FF33 		mov	r3, #-1
 1349 0006 0622     		movs	r2, #6
 1350 0008 0249     		ldr	r1, .L98
 1351 000a 0348     		ldr	r0, .L98+4
 1352 000c 0068     		ldr	r0, [r0]
 1353 000e FFF7FEFF 		bl	HAL_UART_Transmit
 1354              	.LVL77:
 242:Core/Src/zigbee_edc24.c **** }...
 1355              		.loc 1 242 1 is_stmt 0 view .LVU336
 1356 0012 08BD     		pop	{r3, pc}
 1357              	.L99:
 1358              		.align	2
 1359              	.L98:
 1360 0014 06000000 		.word	.LANCHOR5+6
 1361 0018 00000000 		.word	.LANCHOR0
 1362              		.cfi_endproc
 1363              	.LFE88:
 1365              		.global	zigbee_huart
 1366              		.global	receive_flag
 1367              		.global	zigbeeSend
 1368              		.global	gameStatusMessage
 1369              		.global	gameInfoMessage
 1370              		.global	zigbeeMessage
 1371              		.section	.bss.gameInfoMessage,"aw",%nobits
 1372              		.align	2
 1373              		.set	.LANCHOR3,. + 0
 1376              	gameInfoMessage:
 1377 0000 00000000 		.space	100
 1377      00000000 
 1377      00000000 
 1377      00000000 
 1377      00000000 
 1378              		.section	.bss.gameStatusMessage,"aw",%nobits
 1379              		.align	2
 1380              		.set	.LANCHOR4,. + 0
 1383              	gameStatusMessage:
 1384 0000 00000000 		.space	150
 1384      00000000 
 1384      00000000 
 1384      00000000 
 1384      00000000 
 1385              		.section	.bss.receive_flag,"aw",%nobits
ARM GAS  /var/folders/l8/2dxms_k929sgkjbr6565hj600000gn/T//ccYnvpfh.s 			page 30


 1386              		.set	.LANCHOR1,. + 0
 1389              	receive_flag:
 1390 0000 00       		.space	1
 1391              		.section	.bss.zigbeeMessage,"aw",%nobits
 1392              		.align	2
 1393              		.set	.LANCHOR2,. + 0
 1396              	zigbeeMessage:
 1397 0000 00000000 		.space	200
 1397      00000000 
 1397      00000000 
 1397      00000000 
 1397      00000000 
 1398              		.section	.bss.zigbee_huart,"aw",%nobits
 1399              		.align	2
 1400              		.set	.LANCHOR0,. + 0
 1403              	zigbee_huart:
 1404 0000 00000000 		.space	4
 1405              		.section	.data.zigbeeSend,"aw"
 1406              		.align	2
 1407              		.set	.LANCHOR5,. + 0
 1410              	zigbeeSend:
 1411 0000 55AA0000 		.ascii	"U\252\000\000\000\000"
 1411      0000
 1412 0006 55AA0200 		.ascii	"U\252\002\000\000\000"
 1412      0000
 1413              		.text
 1414              	.Letext0:
 1415              		.file 2 "/Applications/ARM/arm-none-eabi/include/machine/_default_types.h"
 1416              		.file 3 "/Applications/ARM/arm-none-eabi/include/sys/_stdint.h"
 1417              		.file 4 "Drivers/CMSIS/Device/ST/STM32F1xx/Include/stm32f103xe.h"
 1418              		.file 5 "Drivers/STM32F1xx_HAL_Driver/Inc/stm32f1xx_hal_def.h"
 1419              		.file 6 "Drivers/STM32F1xx_HAL_Driver/Inc/stm32f1xx_hal_dma.h"
 1420              		.file 7 "Drivers/STM32F1xx_HAL_Driver/Inc/stm32f1xx_hal_uart.h"
 1421              		.file 8 "Core/Inc/zigbee_edc24.h"
 1422              		.file 9 "<built-in>"
ARM GAS  /var/folders/l8/2dxms_k929sgkjbr6565hj600000gn/T//ccYnvpfh.s 			page 31


DEFINED SYMBOLS
                            *ABS*:0000000000000000 zigbee_edc24.c
/var/folders/l8/2dxms_k929sgkjbr6565hj600000gn/T//ccYnvpfh.s:18     .text.CalculateChecksum:0000000000000000 $t
/var/folders/l8/2dxms_k929sgkjbr6565hj600000gn/T//ccYnvpfh.s:23     .text.CalculateChecksum:0000000000000000 CalculateChecksum
/var/folders/l8/2dxms_k929sgkjbr6565hj600000gn/T//ccYnvpfh.s:72     .text.change_float_data:0000000000000000 $t
/var/folders/l8/2dxms_k929sgkjbr6565hj600000gn/T//ccYnvpfh.s:77     .text.change_float_data:0000000000000000 change_float_data
/var/folders/l8/2dxms_k929sgkjbr6565hj600000gn/T//ccYnvpfh.s:97     .text.HAL_UART_ErrorCallback:0000000000000000 $t
/var/folders/l8/2dxms_k929sgkjbr6565hj600000gn/T//ccYnvpfh.s:103    .text.HAL_UART_ErrorCallback:0000000000000000 HAL_UART_ErrorCallback
/var/folders/l8/2dxms_k929sgkjbr6565hj600000gn/T//ccYnvpfh.s:151    .text.HAL_UART_ErrorCallback:0000000000000024 $d
/var/folders/l8/2dxms_k929sgkjbr6565hj600000gn/T//ccYnvpfh.s:158    .text.HAL_UARTEx_RxEventCallback:0000000000000000 $t
/var/folders/l8/2dxms_k929sgkjbr6565hj600000gn/T//ccYnvpfh.s:164    .text.HAL_UARTEx_RxEventCallback:0000000000000000 HAL_UARTEx_RxEventCallback
/var/folders/l8/2dxms_k929sgkjbr6565hj600000gn/T//ccYnvpfh.s:193    .text.HAL_UARTEx_RxEventCallback:0000000000000014 $d
/var/folders/l8/2dxms_k929sgkjbr6565hj600000gn/T//ccYnvpfh.s:199    .text.zigbee_Init:0000000000000000 $t
/var/folders/l8/2dxms_k929sgkjbr6565hj600000gn/T//ccYnvpfh.s:205    .text.zigbee_Init:0000000000000000 zigbee_Init
/var/folders/l8/2dxms_k929sgkjbr6565hj600000gn/T//ccYnvpfh.s:265    .text.zigbee_Init:000000000000003c $d
/var/folders/l8/2dxms_k929sgkjbr6565hj600000gn/T//ccYnvpfh.s:274    .text.zigbeeMessageRecord:0000000000000000 $t
/var/folders/l8/2dxms_k929sgkjbr6565hj600000gn/T//ccYnvpfh.s:280    .text.zigbeeMessageRecord:0000000000000000 zigbeeMessageRecord
/var/folders/l8/2dxms_k929sgkjbr6565hj600000gn/T//ccYnvpfh.s:492    .text.zigbeeMessageRecord:00000000000000c0 $d
/var/folders/l8/2dxms_k929sgkjbr6565hj600000gn/T//ccYnvpfh.s:501    .text.getGameTime:0000000000000000 $t
/var/folders/l8/2dxms_k929sgkjbr6565hj600000gn/T//ccYnvpfh.s:507    .text.getGameTime:0000000000000000 getGameTime
/var/folders/l8/2dxms_k929sgkjbr6565hj600000gn/T//ccYnvpfh.s:525    .text.getGameTime:0000000000000008 $d
/var/folders/l8/2dxms_k929sgkjbr6565hj600000gn/T//ccYnvpfh.s:530    .text.getGameStatus:0000000000000000 $t
/var/folders/l8/2dxms_k929sgkjbr6565hj600000gn/T//ccYnvpfh.s:536    .text.getGameStatus:0000000000000000 getGameStatus
/var/folders/l8/2dxms_k929sgkjbr6565hj600000gn/T//ccYnvpfh.s:561    .text.getGameStatus:000000000000000c $d
/var/folders/l8/2dxms_k929sgkjbr6565hj600000gn/T//ccYnvpfh.s:566    .text.getScore:0000000000000000 $t
/var/folders/l8/2dxms_k929sgkjbr6565hj600000gn/T//ccYnvpfh.s:572    .text.getScore:0000000000000000 getScore
/var/folders/l8/2dxms_k929sgkjbr6565hj600000gn/T//ccYnvpfh.s:593    .text.getScore:000000000000000c $d
/var/folders/l8/2dxms_k929sgkjbr6565hj600000gn/T//ccYnvpfh.s:598    .text.getVehiclePos:0000000000000000 $t
/var/folders/l8/2dxms_k929sgkjbr6565hj600000gn/T//ccYnvpfh.s:604    .text.getVehiclePos:0000000000000000 getVehiclePos
/var/folders/l8/2dxms_k929sgkjbr6565hj600000gn/T//ccYnvpfh.s:644    .text.getVehiclePos:0000000000000030 $d
/var/folders/l8/2dxms_k929sgkjbr6565hj600000gn/T//ccYnvpfh.s:649    .text.getRemainDist:0000000000000000 $t
/var/folders/l8/2dxms_k929sgkjbr6565hj600000gn/T//ccYnvpfh.s:655    .text.getRemainDist:0000000000000000 getRemainDist
/var/folders/l8/2dxms_k929sgkjbr6565hj600000gn/T//ccYnvpfh.s:673    .text.getRemainDist:0000000000000008 $d
/var/folders/l8/2dxms_k929sgkjbr6565hj600000gn/T//ccYnvpfh.s:678    .text.getOrderNum:0000000000000000 $t
/var/folders/l8/2dxms_k929sgkjbr6565hj600000gn/T//ccYnvpfh.s:684    .text.getOrderNum:0000000000000000 getOrderNum
/var/folders/l8/2dxms_k929sgkjbr6565hj600000gn/T//ccYnvpfh.s:699    .text.getOrderNum:0000000000000008 $d
/var/folders/l8/2dxms_k929sgkjbr6565hj600000gn/T//ccYnvpfh.s:707    .text.getCommission:0000000000000000 $t
/var/folders/l8/2dxms_k929sgkjbr6565hj600000gn/T//ccYnvpfh.s:713    .text.getCommission:0000000000000000 getCommission
/var/folders/l8/2dxms_k929sgkjbr6565hj600000gn/T//ccYnvpfh.s:776    .text.getCommission:0000000000000040 $d
/var/folders/l8/2dxms_k929sgkjbr6565hj600000gn/T//ccYnvpfh.s:781    .text.getOneOrder:0000000000000000 $t
/var/folders/l8/2dxms_k929sgkjbr6565hj600000gn/T//ccYnvpfh.s:787    .text.getOneOrder:0000000000000000 getOneOrder
/var/folders/l8/2dxms_k929sgkjbr6565hj600000gn/T//ccYnvpfh.s:873    .text.getOneOrder:0000000000000050 $d
/var/folders/l8/2dxms_k929sgkjbr6565hj600000gn/T//ccYnvpfh.s:878    .text.getLatestPendingOrder:0000000000000000 $t
/var/folders/l8/2dxms_k929sgkjbr6565hj600000gn/T//ccYnvpfh.s:884    .text.getLatestPendingOrder:0000000000000000 getLatestPendingOrder
/var/folders/l8/2dxms_k929sgkjbr6565hj600000gn/T//ccYnvpfh.s:977    .text.getLatestPendingOrder:0000000000000054 $d
/var/folders/l8/2dxms_k929sgkjbr6565hj600000gn/T//ccYnvpfh.s:982    .text.getGameStage:0000000000000000 $t
/var/folders/l8/2dxms_k929sgkjbr6565hj600000gn/T//ccYnvpfh.s:988    .text.getGameStage:0000000000000000 getGameStage
/var/folders/l8/2dxms_k929sgkjbr6565hj600000gn/T//ccYnvpfh.s:1006   .text.getGameStage:0000000000000008 $d
/var/folders/l8/2dxms_k929sgkjbr6565hj600000gn/T//ccYnvpfh.s:1011   .text.getOneBarrier:0000000000000000 $t
/var/folders/l8/2dxms_k929sgkjbr6565hj600000gn/T//ccYnvpfh.s:1017   .text.getOneBarrier:0000000000000000 getOneBarrier
/var/folders/l8/2dxms_k929sgkjbr6565hj600000gn/T//ccYnvpfh.s:1074   .text.getOneBarrier:0000000000000030 $d
/var/folders/l8/2dxms_k929sgkjbr6565hj600000gn/T//ccYnvpfh.s:1079   .text.getHalfGameDuration:0000000000000000 $t
/var/folders/l8/2dxms_k929sgkjbr6565hj600000gn/T//ccYnvpfh.s:1085   .text.getHalfGameDuration:0000000000000000 getHalfGameDuration
/var/folders/l8/2dxms_k929sgkjbr6565hj600000gn/T//ccYnvpfh.s:1103   .text.getHalfGameDuration:0000000000000008 $d
/var/folders/l8/2dxms_k929sgkjbr6565hj600000gn/T//ccYnvpfh.s:1108   .text.getOwnChargingPileNum:0000000000000000 $t
/var/folders/l8/2dxms_k929sgkjbr6565hj600000gn/T//ccYnvpfh.s:1114   .text.getOwnChargingPileNum:0000000000000000 getOwnChargingPileNum
/var/folders/l8/2dxms_k929sgkjbr6565hj600000gn/T//ccYnvpfh.s:1129   .text.getOwnChargingPileNum:0000000000000008 $d
ARM GAS  /var/folders/l8/2dxms_k929sgkjbr6565hj600000gn/T//ccYnvpfh.s 			page 32


/var/folders/l8/2dxms_k929sgkjbr6565hj600000gn/T//ccYnvpfh.s:1134   .text.getOppChargingPileNum:0000000000000000 $t
/var/folders/l8/2dxms_k929sgkjbr6565hj600000gn/T//ccYnvpfh.s:1140   .text.getOppChargingPileNum:0000000000000000 getOppChargingPileNum
/var/folders/l8/2dxms_k929sgkjbr6565hj600000gn/T//ccYnvpfh.s:1165   .text.getOppChargingPileNum:0000000000000010 $d
/var/folders/l8/2dxms_k929sgkjbr6565hj600000gn/T//ccYnvpfh.s:1170   .text.getOneOwnPile:0000000000000000 $t
/var/folders/l8/2dxms_k929sgkjbr6565hj600000gn/T//ccYnvpfh.s:1176   .text.getOneOwnPile:0000000000000000 getOneOwnPile
/var/folders/l8/2dxms_k929sgkjbr6565hj600000gn/T//ccYnvpfh.s:1226   .text.getOneOwnPile:0000000000000034 $d
/var/folders/l8/2dxms_k929sgkjbr6565hj600000gn/T//ccYnvpfh.s:1231   .text.getOneOppPile:0000000000000000 $t
/var/folders/l8/2dxms_k929sgkjbr6565hj600000gn/T//ccYnvpfh.s:1237   .text.getOneOppPile:0000000000000000 getOneOppPile
/var/folders/l8/2dxms_k929sgkjbr6565hj600000gn/T//ccYnvpfh.s:1289   .text.getOneOppPile:0000000000000034 $d
/var/folders/l8/2dxms_k929sgkjbr6565hj600000gn/T//ccYnvpfh.s:1294   .text.reqGameInfo:0000000000000000 $t
/var/folders/l8/2dxms_k929sgkjbr6565hj600000gn/T//ccYnvpfh.s:1300   .text.reqGameInfo:0000000000000000 reqGameInfo
/var/folders/l8/2dxms_k929sgkjbr6565hj600000gn/T//ccYnvpfh.s:1324   .text.reqGameInfo:0000000000000014 $d
/var/folders/l8/2dxms_k929sgkjbr6565hj600000gn/T//ccYnvpfh.s:1330   .text.setChargingPile:0000000000000000 $t
/var/folders/l8/2dxms_k929sgkjbr6565hj600000gn/T//ccYnvpfh.s:1336   .text.setChargingPile:0000000000000000 setChargingPile
/var/folders/l8/2dxms_k929sgkjbr6565hj600000gn/T//ccYnvpfh.s:1360   .text.setChargingPile:0000000000000014 $d
/var/folders/l8/2dxms_k929sgkjbr6565hj600000gn/T//ccYnvpfh.s:1403   .bss.zigbee_huart:0000000000000000 zigbee_huart
/var/folders/l8/2dxms_k929sgkjbr6565hj600000gn/T//ccYnvpfh.s:1389   .bss.receive_flag:0000000000000000 receive_flag
/var/folders/l8/2dxms_k929sgkjbr6565hj600000gn/T//ccYnvpfh.s:1410   .data.zigbeeSend:0000000000000000 zigbeeSend
/var/folders/l8/2dxms_k929sgkjbr6565hj600000gn/T//ccYnvpfh.s:1383   .bss.gameStatusMessage:0000000000000000 gameStatusMessage
/var/folders/l8/2dxms_k929sgkjbr6565hj600000gn/T//ccYnvpfh.s:1376   .bss.gameInfoMessage:0000000000000000 gameInfoMessage
/var/folders/l8/2dxms_k929sgkjbr6565hj600000gn/T//ccYnvpfh.s:1396   .bss.zigbeeMessage:0000000000000000 zigbeeMessage
/var/folders/l8/2dxms_k929sgkjbr6565hj600000gn/T//ccYnvpfh.s:1372   .bss.gameInfoMessage:0000000000000000 $d
/var/folders/l8/2dxms_k929sgkjbr6565hj600000gn/T//ccYnvpfh.s:1379   .bss.gameStatusMessage:0000000000000000 $d
/var/folders/l8/2dxms_k929sgkjbr6565hj600000gn/T//ccYnvpfh.s:1390   .bss.receive_flag:0000000000000000 $d
/var/folders/l8/2dxms_k929sgkjbr6565hj600000gn/T//ccYnvpfh.s:1392   .bss.zigbeeMessage:0000000000000000 $d
/var/folders/l8/2dxms_k929sgkjbr6565hj600000gn/T//ccYnvpfh.s:1399   .bss.zigbee_huart:0000000000000000 $d
/var/folders/l8/2dxms_k929sgkjbr6565hj600000gn/T//ccYnvpfh.s:1406   .data.zigbeeSend:0000000000000000 $d

UNDEFINED SYMBOLS
HAL_UARTEx_ReceiveToIdle_DMA
memset
__aeabi_i2f
__aeabi_fsub
__aeabi_fmul
max_float
HAL_UART_Transmit
